{"C:\\Users\\KROTON\\Downloads\\projects\\mercadolibre\\mercadolibretest\\src\\main.tsx": {"path":"C:\\Users\\KROTON\\Downloads\\projects\\mercadolibre\\mercadolibretest\\src\\main.tsx","all":true,"statementMap":{"0":{"start":{"line":1,"column":0},"end":{"line":1,"column":35}},"1":{"start":{"line":2,"column":0},"end":{"line":2,"column":46}},"2":{"start":{"line":3,"column":0},"end":{"line":3,"column":65}},"3":{"start":{"line":4,"column":0},"end":{"line":4,"column":49}},"4":{"start":{"line":5,"column":0},"end":{"line":5,"column":57}},"5":{"start":{"line":6,"column":0},"end":{"line":6,"column":47}},"6":{"start":{"line":7,"column":0},"end":{"line":7,"column":21}},"8":{"start":{"line":9,"column":0},"end":{"line":9,"column":52}},"9":{"start":{"line":10,"column":0},"end":{"line":10,"column":44}},"10":{"start":{"line":11,"column":0},"end":{"line":11,"column":14}},"11":{"start":{"line":12,"column":0},"end":{"line":12,"column":18}},"12":{"start":{"line":13,"column":0},"end":{"line":13,"column":24}},"13":{"start":{"line":14,"column":0},"end":{"line":14,"column":19}},"14":{"start":{"line":15,"column":0},"end":{"line":15,"column":15}},"15":{"start":{"line":16,"column":0},"end":{"line":16,"column":17}},"16":{"start":{"line":17,"column":0},"end":{"line":17,"column":2}}},"s":{"0":0,"1":0,"2":0,"3":0,"4":0,"5":0,"6":0,"8":0,"9":0,"10":0,"11":0,"12":0,"13":0,"14":0,"15":0,"16":0},"branchMap":{"0":{"type":"branch","line":1,"loc":{"start":{"line":1,"column":464},"end":{"line":17,"column":-341}},"locations":[{"start":{"line":1,"column":464},"end":{"line":17,"column":-341}}]}},"b":{"0":[0]},"fnMap":{"0":{"name":"(empty-report)","decl":{"start":{"line":1,"column":464},"end":{"line":17,"column":-341}},"loc":{"start":{"line":1,"column":464},"end":{"line":17,"column":-341}},"line":1}},"f":{"0":0}}
,"C:\\Users\\KROTON\\Downloads\\projects\\mercadolibre\\mercadolibretest\\src\\assets\\icons\\index.ts": {"path":"C:\\Users\\KROTON\\Downloads\\projects\\mercadolibre\\mercadolibretest\\src\\assets\\icons\\index.ts","all":true,"statementMap":{"0":{"start":{"line":1,"column":0},"end":{"line":1,"column":70}}},"s":{"0":0},"branchMap":{"0":{"type":"branch","line":1,"loc":{"start":{"line":1,"column":70},"end":{"line":1,"column":70}},"locations":[{"start":{"line":1,"column":70},"end":{"line":1,"column":70}}]}},"b":{"0":[0]},"fnMap":{"0":{"name":"(empty-report)","decl":{"start":{"line":1,"column":70},"end":{"line":1,"column":70}},"loc":{"start":{"line":1,"column":70},"end":{"line":1,"column":70}},"line":1}},"f":{"0":0}}
,"C:\\Users\\KROTON\\Downloads\\projects\\mercadolibre\\mercadolibretest\\src\\assets\\icons\\shopping-cart.icon.tsx": {"path":"C:\\Users\\KROTON\\Downloads\\projects\\mercadolibre\\mercadolibretest\\src\\assets\\icons\\shopping-cart.icon.tsx","all":true,"statementMap":{"0":{"start":{"line":1,"column":0},"end":{"line":1,"column":72}},"1":{"start":{"line":2,"column":0},"end":{"line":2,"column":5}},"2":{"start":{"line":3,"column":0},"end":{"line":3,"column":36}},"3":{"start":{"line":4,"column":0},"end":{"line":4,"column":14}},"4":{"start":{"line":5,"column":0},"end":{"line":5,"column":15}},"5":{"start":{"line":6,"column":0},"end":{"line":6,"column":21}},"6":{"start":{"line":7,"column":0},"end":{"line":7,"column":13}},"7":{"start":{"line":8,"column":0},"end":{"line":8,"column":16}},"8":{"start":{"line":9,"column":0},"end":{"line":9,"column":17}},"9":{"start":{"line":10,"column":0},"end":{"line":10,"column":23}},"10":{"start":{"line":11,"column":0},"end":{"line":11,"column":25}},"11":{"start":{"line":12,"column":0},"end":{"line":12,"column":33}},"12":{"start":{"line":13,"column":0},"end":{"line":13,"column":34}},"13":{"start":{"line":14,"column":0},"end":{"line":14,"column":78}},"14":{"start":{"line":15,"column":0},"end":{"line":15,"column":7}},"17":{"start":{"line":18,"column":0},"end":{"line":18,"column":35}}},"s":{"0":0,"1":0,"2":0,"3":0,"4":0,"5":0,"6":0,"7":0,"8":0,"9":0,"10":0,"11":0,"12":0,"13":0,"14":0,"17":0},"branchMap":{"0":{"type":"branch","line":1,"loc":{"start":{"line":1,"column":480},"end":{"line":18,"column":35}},"locations":[{"start":{"line":1,"column":480},"end":{"line":18,"column":35}}]}},"b":{"0":[0]},"fnMap":{"0":{"name":"(empty-report)","decl":{"start":{"line":1,"column":480},"end":{"line":18,"column":35}},"loc":{"start":{"line":1,"column":480},"end":{"line":18,"column":35}},"line":1}},"f":{"0":0}}
,"C:\\Users\\KROTON\\Downloads\\projects\\mercadolibre\\mercadolibretest\\src\\pages\\item-detail.page.styled.ts": {"path":"C:\\Users\\KROTON\\Downloads\\projects\\mercadolibre\\mercadolibretest\\src\\pages\\item-detail.page.styled.ts","all":true,"statementMap":{"0":{"start":{"line":1,"column":0},"end":{"line":1,"column":37}},"2":{"start":{"line":3,"column":0},"end":{"line":3,"column":34}},"9":{"start":{"line":10,"column":0},"end":{"line":10,"column":34}}},"s":{"0":0,"2":0,"9":0},"branchMap":{"0":{"type":"branch","line":1,"loc":{"start":{"line":1,"column":256},"end":{"line":14,"column":2}},"locations":[{"start":{"line":1,"column":256},"end":{"line":14,"column":2}}]}},"b":{"0":[0]},"fnMap":{"0":{"name":"(empty-report)","decl":{"start":{"line":1,"column":256},"end":{"line":14,"column":2}},"loc":{"start":{"line":1,"column":256},"end":{"line":14,"column":2}},"line":1}},"f":{"0":0}}
,"C:\\Users\\KROTON\\Downloads\\projects\\mercadolibre\\mercadolibretest\\src\\pages\\item-detail.page.tsx": {"path":"C:\\Users\\KROTON\\Downloads\\projects\\mercadolibre\\mercadolibretest\\src\\pages\\item-detail.page.tsx","all":true,"statementMap":{"0":{"start":{"line":1,"column":0},"end":{"line":1,"column":21}},"3":{"start":{"line":4,"column":0},"end":{"line":4,"column":61}},"4":{"start":{"line":5,"column":0},"end":{"line":5,"column":52}},"6":{"start":{"line":7,"column":0},"end":{"line":7,"column":30}},"7":{"start":{"line":8,"column":0},"end":{"line":8,"column":47}},"8":{"start":{"line":9,"column":0},"end":{"line":9,"column":37}},"9":{"start":{"line":10,"column":0},"end":{"line":10,"column":39}},"10":{"start":{"line":11,"column":0},"end":{"line":11,"column":23}},"11":{"start":{"line":12,"column":0},"end":{"line":12,"column":3}},"12":{"start":{"line":13,"column":0},"end":{"line":13,"column":9}},"13":{"start":{"line":14,"column":0},"end":{"line":14,"column":4}},"14":{"start":{"line":15,"column":0},"end":{"line":15,"column":13}},"15":{"start":{"line":16,"column":0},"end":{"line":16,"column":19}},"16":{"start":{"line":17,"column":0},"end":{"line":17,"column":20}},"17":{"start":{"line":18,"column":0},"end":{"line":18,"column":46}},"18":{"start":{"line":19,"column":0},"end":{"line":19,"column":21}},"19":{"start":{"line":20,"column":0},"end":{"line":20,"column":20}},"20":{"start":{"line":21,"column":0},"end":{"line":21,"column":5}},"22":{"start":{"line":23,"column":0},"end":{"line":23,"column":2}},"24":{"start":{"line":25,"column":0},"end":{"line":25,"column":30}}},"s":{"0":0,"3":0,"4":0,"6":0,"7":0,"8":0,"9":0,"10":0,"11":0,"12":0,"13":0,"14":0,"15":0,"16":0,"17":0,"18":0,"19":0,"20":0,"22":0,"24":0},"branchMap":{"0":{"type":"branch","line":1,"loc":{"start":{"line":1,"column":634},"end":{"line":25,"column":30}},"locations":[{"start":{"line":1,"column":634},"end":{"line":25,"column":30}}]}},"b":{"0":[0]},"fnMap":{"0":{"name":"(empty-report)","decl":{"start":{"line":1,"column":634},"end":{"line":25,"column":30}},"loc":{"start":{"line":1,"column":634},"end":{"line":25,"column":30}},"line":1}},"f":{"0":0}}
,"C:\\Users\\KROTON\\Downloads\\projects\\mercadolibre\\mercadolibretest\\src\\pages\\routes\\lazy-routes.ts": {"path":"C:\\Users\\KROTON\\Downloads\\projects\\mercadolibre\\mercadolibretest\\src\\pages\\routes\\lazy-routes.ts","all":true,"statementMap":{"0":{"start":{"line":1,"column":0},"end":{"line":1,"column":29}},"2":{"start":{"line":3,"column":0},"end":{"line":3,"column":72}}},"s":{"0":0,"2":0},"branchMap":{"0":{"type":"branch","line":1,"loc":{"start":{"line":1,"column":105},"end":{"line":3,"column":72}},"locations":[{"start":{"line":1,"column":105},"end":{"line":3,"column":72}}]}},"b":{"0":[0]},"fnMap":{"0":{"name":"(empty-report)","decl":{"start":{"line":1,"column":105},"end":{"line":3,"column":72}},"loc":{"start":{"line":1,"column":105},"end":{"line":3,"column":72}},"line":1}},"f":{"0":0}}
,"C:\\Users\\KROTON\\Downloads\\projects\\mercadolibre\\mercadolibretest\\src\\pages\\routes\\routes.tsx": {"path":"C:\\Users\\KROTON\\Downloads\\projects\\mercadolibre\\mercadolibretest\\src\\pages\\routes\\routes.tsx","all":true,"statementMap":{"0":{"start":{"line":1,"column":0},"end":{"line":1,"column":49}},"1":{"start":{"line":2,"column":0},"end":{"line":2,"column":47}},"3":{"start":{"line":4,"column":0},"end":{"line":4,"column":32}},"4":{"start":{"line":5,"column":0},"end":{"line":5,"column":9}},"5":{"start":{"line":6,"column":0},"end":{"line":6,"column":10}},"6":{"start":{"line":7,"column":0},"end":{"line":7,"column":50}},"7":{"start":{"line":8,"column":0},"end":{"line":8,"column":11}},"9":{"start":{"line":10,"column":0},"end":{"line":10,"column":2}},"11":{"start":{"line":12,"column":0},"end":{"line":12,"column":32}}},"s":{"0":0,"1":0,"3":0,"4":0,"5":0,"6":0,"7":0,"9":0,"11":0},"branchMap":{"0":{"type":"branch","line":1,"loc":{"start":{"line":1,"column":267},"end":{"line":12,"column":32}},"locations":[{"start":{"line":1,"column":267},"end":{"line":12,"column":32}}]}},"b":{"0":[0]},"fnMap":{"0":{"name":"(empty-report)","decl":{"start":{"line":1,"column":267},"end":{"line":12,"column":32}},"loc":{"start":{"line":1,"column":267},"end":{"line":12,"column":32}},"line":1}},"f":{"0":0}}
,"C:\\Users\\KROTON\\Downloads\\projects\\mercadolibre\\mercadolibretest\\src\\shared\\components\\breadcrumbs\\breadcrumbs.styled.ts": {"path":"C:\\Users\\KROTON\\Downloads\\projects\\mercadolibre\\mercadolibretest\\src\\shared\\components\\breadcrumbs\\breadcrumbs.styled.ts","all":false,"statementMap":{"1":{"start":{"line":2,"column":0},"end":{"line":2,"column":37}},"2":{"start":{"line":3,"column":0},"end":{"line":3,"column":40}},"3":{"start":{"line":4,"column":0},"end":{"line":4,"column":55}},"4":{"start":{"line":5,"column":0},"end":{"line":5,"column":44}},"6":{"start":{"line":7,"column":0},"end":{"line":7,"column":28}},"11":{"start":{"line":12,"column":0},"end":{"line":12,"column":27}},"14":{"start":{"line":15,"column":0},"end":{"line":15,"column":28}},"19":{"start":{"line":20,"column":0},"end":{"line":20,"column":34}},"21":{"start":{"line":22,"column":0},"end":{"line":22,"column":63}},"24":{"start":{"line":25,"column":0},"end":{"line":25,"column":37}},"29":{"start":{"line":30,"column":0},"end":{"line":30,"column":39}},"30":{"start":{"line":31,"column":0},"end":{"line":31,"column":27}},"31":{"start":{"line":32,"column":0},"end":{"line":32,"column":67}},"32":{"start":{"line":33,"column":0},"end":{"line":33,"column":55}}},"s":{"1":1,"2":1,"3":1,"4":1,"6":1,"11":1,"14":1,"19":1,"21":1,"24":1,"29":1,"30":1,"31":1,"32":1},"branchMap":{"0":{"type":"branch","line":22,"loc":{"start":{"line":22,"column":10},"end":{"line":22,"column":61}},"locations":[{"start":{"line":22,"column":10},"end":{"line":22,"column":61}}]},"1":{"type":"branch","line":32,"loc":{"start":{"line":32,"column":10},"end":{"line":33,"column":53}},"locations":[{"start":{"line":32,"column":10},"end":{"line":33,"column":53}}]},"2":{"type":"branch","line":33,"loc":{"start":{"line":33,"column":3},"end":{"line":33,"column":35}},"locations":[{"start":{"line":33,"column":3},"end":{"line":33,"column":35}}]}},"b":{"0":[9],"1":[5],"2":[0]},"fnMap":{},"f":{}}
,"C:\\Users\\KROTON\\Downloads\\projects\\mercadolibre\\mercadolibretest\\src\\shared\\components\\breadcrumbs\\breadcrumbs.view.tsx": {"path":"C:\\Users\\KROTON\\Downloads\\projects\\mercadolibre\\mercadolibretest\\src\\shared\\components\\breadcrumbs\\breadcrumbs.view.tsx","all":false,"statementMap":{"0":{"start":{"line":1,"column":0},"end":{"line":1,"column":26}},"1":{"start":{"line":2,"column":0},"end":{"line":2,"column":47}},"2":{"start":{"line":3,"column":0},"end":{"line":3,"column":42}},"15":{"start":{"line":16,"column":0},"end":{"line":16,"column":51}},"16":{"start":{"line":17,"column":0},"end":{"line":17,"column":7}},"17":{"start":{"line":18,"column":0},"end":{"line":18,"column":17}},"18":{"start":{"line":19,"column":0},"end":{"line":19,"column":7}},"19":{"start":{"line":20,"column":0},"end":{"line":20,"column":26}},"20":{"start":{"line":21,"column":0},"end":{"line":21,"column":9}},"21":{"start":{"line":22,"column":0},"end":{"line":22,"column":31}},"22":{"start":{"line":23,"column":0},"end":{"line":23,"column":14}},"23":{"start":{"line":24,"column":0},"end":{"line":24,"column":33}},"24":{"start":{"line":25,"column":0},"end":{"line":25,"column":47}},"26":{"start":{"line":27,"column":0},"end":{"line":27,"column":13}},"27":{"start":{"line":28,"column":0},"end":{"line":28,"column":29}},"28":{"start":{"line":29,"column":0},"end":{"line":29,"column":19}},"29":{"start":{"line":30,"column":0},"end":{"line":30,"column":65}},"30":{"start":{"line":31,"column":0},"end":{"line":31,"column":21}},"31":{"start":{"line":32,"column":0},"end":{"line":32,"column":23}},"33":{"start":{"line":34,"column":0},"end":{"line":34,"column":51}},"34":{"start":{"line":35,"column":0},"end":{"line":35,"column":21}},"35":{"start":{"line":36,"column":0},"end":{"line":36,"column":22}},"37":{"start":{"line":38,"column":0},"end":{"line":38,"column":68}},"38":{"start":{"line":39,"column":0},"end":{"line":39,"column":18}},"40":{"start":{"line":41,"column":0},"end":{"line":41,"column":7}},"41":{"start":{"line":42,"column":0},"end":{"line":42,"column":15}},"42":{"start":{"line":43,"column":0},"end":{"line":43,"column":8}},"44":{"start":{"line":45,"column":0},"end":{"line":45,"column":2}},"46":{"start":{"line":47,"column":0},"end":{"line":47,"column":27}}},"s":{"0":1,"1":1,"2":1,"15":1,"16":5,"17":5,"18":5,"19":5,"20":5,"21":5,"22":5,"23":5,"24":14,"26":14,"27":14,"28":14,"29":9,"30":9,"31":9,"33":5,"34":5,"35":5,"37":14,"38":14,"40":5,"41":5,"42":5,"44":5,"46":1},"branchMap":{"0":{"type":"branch","line":16,"loc":{"start":{"line":16,"column":49},"end":{"line":45,"column":2}},"locations":[{"start":{"line":16,"column":49},"end":{"line":45,"column":2}}]},"1":{"type":"branch","line":24,"loc":{"start":{"line":24,"column":15},"end":{"line":41,"column":5}},"locations":[{"start":{"line":24,"column":15},"end":{"line":41,"column":5}}]},"2":{"type":"branch","line":29,"loc":{"start":{"line":29,"column":9},"end":{"line":32,"column":23}},"locations":[{"start":{"line":29,"column":9},"end":{"line":32,"column":23}}]},"3":{"type":"branch","line":30,"loc":{"start":{"line":30,"column":32},"end":{"line":30,"column":42}},"locations":[{"start":{"line":30,"column":32},"end":{"line":30,"column":42}}]},"4":{"type":"branch","line":32,"loc":{"start":{"line":32,"column":8},"end":{"line":36,"column":22}},"locations":[{"start":{"line":32,"column":8},"end":{"line":36,"column":22}}]},"5":{"type":"branch","line":38,"loc":{"start":{"line":38,"column":9},"end":{"line":38,"column":68}},"locations":[{"start":{"line":38,"column":9},"end":{"line":38,"column":68}}]}},"b":{"0":[5],"1":[14],"2":[9],"3":[1],"4":[5],"5":[9]},"fnMap":{"0":{"name":"Breadcrumbs","decl":{"start":{"line":16,"column":49},"end":{"line":45,"column":2}},"loc":{"start":{"line":16,"column":49},"end":{"line":45,"column":2}},"line":16}},"f":{"0":5}}
,"C:\\Users\\KROTON\\Downloads\\projects\\mercadolibre\\mercadolibretest\\src\\shared\\components\\button\\button.styled.ts": {"path":"C:\\Users\\KROTON\\Downloads\\projects\\mercadolibre\\mercadolibretest\\src\\shared\\components\\button\\button.styled.ts","all":false,"statementMap":{"0":{"start":{"line":1,"column":0},"end":{"line":1,"column":37}},"10":{"start":{"line":11,"column":0},"end":{"line":11,"column":26}},"11":{"start":{"line":12,"column":0},"end":{"line":12,"column":9}},"12":{"start":{"line":13,"column":0},"end":{"line":13,"column":7}},"13":{"start":{"line":14,"column":0},"end":{"line":14,"column":10}},"14":{"start":{"line":15,"column":0},"end":{"line":15,"column":32}},"15":{"start":{"line":16,"column":0},"end":{"line":16,"column":17}},"16":{"start":{"line":17,"column":0},"end":{"line":17,"column":14}},"18":{"start":{"line":19,"column":0},"end":{"line":19,"column":38}},"19":{"start":{"line":20,"column":0},"end":{"line":20,"column":19}},"21":{"start":{"line":22,"column":0},"end":{"line":22,"column":41}},"23":{"start":{"line":24,"column":0},"end":{"line":24,"column":5}},"25":{"start":{"line":26,"column":0},"end":{"line":26,"column":12}},"27":{"start":{"line":28,"column":0},"end":{"line":28,"column":44}},"28":{"start":{"line":29,"column":0},"end":{"line":29,"column":19}},"30":{"start":{"line":31,"column":0},"end":{"line":31,"column":41}},"32":{"start":{"line":33,"column":0},"end":{"line":33,"column":5}},"34":{"start":{"line":35,"column":0},"end":{"line":35,"column":10}},"37":{"start":{"line":38,"column":0},"end":{"line":38,"column":19}},"39":{"start":{"line":40,"column":0},"end":{"line":40,"column":39}},"41":{"start":{"line":42,"column":0},"end":{"line":42,"column":5}},"43":{"start":{"line":44,"column":0},"end":{"line":44,"column":3}},"44":{"start":{"line":45,"column":0},"end":{"line":45,"column":24}},"45":{"start":{"line":46,"column":0},"end":{"line":46,"column":2}},"47":{"start":{"line":48,"column":0},"end":{"line":48,"column":36}},"48":{"start":{"line":49,"column":0},"end":{"line":49,"column":53}},"54":{"start":{"line":55,"column":0},"end":{"line":55,"column":10}},"55":{"start":{"line":56,"column":0},"end":{"line":56,"column":6}},"60":{"start":{"line":61,"column":0},"end":{"line":61,"column":23}},"61":{"start":{"line":62,"column":0},"end":{"line":62,"column":2}},"62":{"start":{"line":63,"column":0},"end":{"line":63,"column":48}},"64":{"start":{"line":65,"column":0},"end":{"line":65,"column":2}}},"s":{"0":1,"10":1,"11":4,"12":4,"13":4,"14":4,"15":4,"16":4,"18":4,"19":4,"21":3,"23":4,"25":4,"27":4,"28":4,"30":3,"32":4,"34":4,"37":4,"39":3,"41":4,"43":4,"44":4,"45":4,"47":1,"48":1,"54":4,"55":1,"60":3,"61":4,"62":4,"64":1},"branchMap":{"0":{"type":"branch","line":11,"loc":{"start":{"line":11,"column":24},"end":{"line":46,"column":2}},"locations":[{"start":{"line":11,"column":24},"end":{"line":46,"column":2}}]},"1":{"type":"branch","line":20,"loc":{"start":{"line":20,"column":6},"end":{"line":22,"column":41}},"locations":[{"start":{"line":20,"column":6},"end":{"line":22,"column":41}}]},"2":{"type":"branch","line":29,"loc":{"start":{"line":29,"column":6},"end":{"line":31,"column":41}},"locations":[{"start":{"line":29,"column":6},"end":{"line":31,"column":41}}]},"3":{"type":"branch","line":38,"loc":{"start":{"line":38,"column":6},"end":{"line":40,"column":39}},"locations":[{"start":{"line":38,"column":6},"end":{"line":40,"column":39}}]},"4":{"type":"branch","line":49,"loc":{"start":{"line":49,"column":1},"end":{"line":63,"column":48}},"locations":[{"start":{"line":49,"column":1},"end":{"line":63,"column":48}}]},"5":{"type":"branch","line":55,"loc":{"start":{"line":55,"column":2},"end":{"line":56,"column":6}},"locations":[{"start":{"line":55,"column":2},"end":{"line":56,"column":6}}]},"6":{"type":"branch","line":56,"loc":{"start":{"line":56,"column":5},"end":{"line":61,"column":23}},"locations":[{"start":{"line":56,"column":5},"end":{"line":61,"column":23}}]}},"b":{"0":[4],"1":[3],"2":[3],"3":[3],"4":[4],"5":[1],"6":[3]},"fnMap":{"0":{"name":"getVariantStyle","decl":{"start":{"line":11,"column":24},"end":{"line":46,"column":2}},"loc":{"start":{"line":11,"column":24},"end":{"line":46,"column":2}},"line":11}},"f":{"0":4}}
,"C:\\Users\\KROTON\\Downloads\\projects\\mercadolibre\\mercadolibretest\\src\\shared\\components\\button\\button.view.tsx": {"path":"C:\\Users\\KROTON\\Downloads\\projects\\mercadolibre\\mercadolibretest\\src\\shared\\components\\button\\button.view.tsx","all":false,"statementMap":{"0":{"start":{"line":1,"column":0},"end":{"line":1,"column":42}},"2":{"start":{"line":3,"column":0},"end":{"line":3,"column":42}},"4":{"start":{"line":5,"column":0},"end":{"line":5,"column":41}},"5":{"start":{"line":6,"column":0},"end":{"line":6,"column":10}},"6":{"start":{"line":7,"column":0},"end":{"line":7,"column":23}},"7":{"start":{"line":8,"column":0},"end":{"line":8,"column":18}},"8":{"start":{"line":9,"column":0},"end":{"line":9,"column":17}},"9":{"start":{"line":10,"column":0},"end":{"line":10,"column":9}},"10":{"start":{"line":11,"column":0},"end":{"line":11,"column":7}},"11":{"start":{"line":12,"column":0},"end":{"line":12,"column":26}},"12":{"start":{"line":13,"column":0},"end":{"line":13,"column":9}},"13":{"start":{"line":14,"column":0},"end":{"line":14,"column":16}},"14":{"start":{"line":15,"column":0},"end":{"line":15,"column":20}},"15":{"start":{"line":16,"column":0},"end":{"line":16,"column":14}},"16":{"start":{"line":17,"column":0},"end":{"line":17,"column":22}},"17":{"start":{"line":18,"column":0},"end":{"line":18,"column":16}},"18":{"start":{"line":19,"column":0},"end":{"line":19,"column":21}},"19":{"start":{"line":20,"column":0},"end":{"line":20,"column":13}},"20":{"start":{"line":21,"column":0},"end":{"line":21,"column":18}},"22":{"start":{"line":23,"column":0},"end":{"line":23,"column":2}},"24":{"start":{"line":25,"column":0},"end":{"line":25,"column":22}}},"s":{"0":1,"2":1,"4":1,"5":4,"6":4,"7":4,"8":4,"9":4,"10":4,"11":4,"12":4,"13":4,"14":4,"15":4,"16":4,"17":4,"18":4,"19":4,"20":4,"22":4,"24":1},"branchMap":{"0":{"type":"branch","line":5,"loc":{"start":{"line":5,"column":39},"end":{"line":23,"column":2}},"locations":[{"start":{"line":5,"column":39},"end":{"line":23,"column":2}}]}},"b":{"0":[4]},"fnMap":{"0":{"name":"Button","decl":{"start":{"line":5,"column":39},"end":{"line":23,"column":2}},"loc":{"start":{"line":5,"column":39},"end":{"line":23,"column":2}},"line":5}},"f":{"0":4}}
,"C:\\Users\\KROTON\\Downloads\\projects\\mercadolibre\\mercadolibretest\\src\\shared\\components\\button\\types.ts": {"path":"C:\\Users\\KROTON\\Downloads\\projects\\mercadolibre\\mercadolibretest\\src\\shared\\components\\button\\types.ts","all":true,"statementMap":{},"s":{},"branchMap":{"0":{"type":"branch","line":1,"loc":{"start":{"line":1,"column":323},"end":{"line":13,"column":1}},"locations":[{"start":{"line":1,"column":323},"end":{"line":13,"column":1}}]}},"b":{"0":[1]},"fnMap":{"0":{"name":"(empty-report)","decl":{"start":{"line":1,"column":323},"end":{"line":13,"column":1}},"loc":{"start":{"line":1,"column":323},"end":{"line":13,"column":1}},"line":1}},"f":{"0":1}}
,"C:\\Users\\KROTON\\Downloads\\projects\\mercadolibre\\mercadolibretest\\src\\shared\\components\\input\\input.view.tsx": {"path":"C:\\Users\\KROTON\\Downloads\\projects\\mercadolibre\\mercadolibretest\\src\\shared\\components\\input\\input.view.tsx","all":true,"statementMap":{"0":{"start":{"line":1,"column":0},"end":{"line":1,"column":26}},"7":{"start":{"line":8,"column":0},"end":{"line":8,"column":80}},"8":{"start":{"line":9,"column":0},"end":{"line":9,"column":9}},"9":{"start":{"line":10,"column":0},"end":{"line":10,"column":39}},"10":{"start":{"line":11,"column":0},"end":{"line":11,"column":68}},"11":{"start":{"line":12,"column":0},"end":{"line":12,"column":9}},"12":{"start":{"line":13,"column":0},"end":{"line":13,"column":106}},"13":{"start":{"line":14,"column":0},"end":{"line":14,"column":49}},"14":{"start":{"line":15,"column":0},"end":{"line":15,"column":20}},"15":{"start":{"line":16,"column":0},"end":{"line":16,"column":14}},"16":{"start":{"line":17,"column":0},"end":{"line":17,"column":5}},"17":{"start":{"line":18,"column":0},"end":{"line":18,"column":67}},"18":{"start":{"line":19,"column":0},"end":{"line":19,"column":8}},"20":{"start":{"line":21,"column":0},"end":{"line":21,"column":2}},"22":{"start":{"line":23,"column":0},"end":{"line":23,"column":21}}},"s":{"0":0,"7":0,"8":0,"9":0,"10":0,"11":0,"12":0,"13":0,"14":0,"15":0,"16":0,"17":0,"18":0,"20":0,"22":0},"branchMap":{"0":{"type":"branch","line":1,"loc":{"start":{"line":1,"column":677},"end":{"line":23,"column":21}},"locations":[{"start":{"line":1,"column":677},"end":{"line":23,"column":21}}]}},"b":{"0":[0]},"fnMap":{"0":{"name":"(empty-report)","decl":{"start":{"line":1,"column":677},"end":{"line":23,"column":21}},"loc":{"start":{"line":1,"column":677},"end":{"line":23,"column":21}},"line":1}},"f":{"0":0}}
,"C:\\Users\\KROTON\\Downloads\\projects\\mercadolibre\\mercadolibretest\\src\\shared\\components\\topnav\\topnav.styled.ts": {"path":"C:\\Users\\KROTON\\Downloads\\projects\\mercadolibre\\mercadolibretest\\src\\shared\\components\\topnav\\topnav.styled.ts","all":true,"statementMap":{"1":{"start":{"line":2,"column":0},"end":{"line":2,"column":37}},"3":{"start":{"line":4,"column":0},"end":{"line":4,"column":33}},"7":{"start":{"line":8,"column":0},"end":{"line":8,"column":74}},"12":{"start":{"line":13,"column":0},"end":{"line":13,"column":40}},"19":{"start":{"line":20,"column":0},"end":{"line":20,"column":29}},"32":{"start":{"line":33,"column":0},"end":{"line":33,"column":41}}},"s":{"1":0,"3":0,"7":0,"12":0,"19":0,"32":0},"branchMap":{"0":{"type":"branch","line":1,"loc":{"start":{"line":1,"column":960},"end":{"line":42,"column":2}},"locations":[{"start":{"line":1,"column":960},"end":{"line":42,"column":2}}]}},"b":{"0":[1]},"fnMap":{"0":{"name":"(empty-report)","decl":{"start":{"line":1,"column":960},"end":{"line":42,"column":2}},"loc":{"start":{"line":1,"column":960},"end":{"line":42,"column":2}},"line":1}},"f":{"0":1}}
,"C:\\Users\\KROTON\\Downloads\\projects\\mercadolibre\\mercadolibretest\\src\\shared\\components\\topnav\\topnav.view.tsx": {"path":"C:\\Users\\KROTON\\Downloads\\projects\\mercadolibre\\mercadolibretest\\src\\shared\\components\\topnav\\topnav.view.tsx","all":true,"statementMap":{"0":{"start":{"line":1,"column":0},"end":{"line":1,"column":60}},"1":{"start":{"line":2,"column":0},"end":{"line":2,"column":43}},"2":{"start":{"line":3,"column":0},"end":{"line":3,"column":42}},"4":{"start":{"line":5,"column":0},"end":{"line":5,"column":22}},"5":{"start":{"line":6,"column":0},"end":{"line":6,"column":9}},"6":{"start":{"line":7,"column":0},"end":{"line":7,"column":17}},"7":{"start":{"line":8,"column":0},"end":{"line":8,"column":25}},"8":{"start":{"line":9,"column":0},"end":{"line":9,"column":19}},"10":{"start":{"line":11,"column":0},"end":{"line":11,"column":27}},"11":{"start":{"line":12,"column":0},"end":{"line":12,"column":38}},"13":{"start":{"line":14,"column":0},"end":{"line":14,"column":14}},"14":{"start":{"line":15,"column":0},"end":{"line":15,"column":29}},"15":{"start":{"line":16,"column":0},"end":{"line":16,"column":29}},"16":{"start":{"line":17,"column":0},"end":{"line":17,"column":14}},"17":{"start":{"line":18,"column":0},"end":{"line":18,"column":28}},"18":{"start":{"line":19,"column":0},"end":{"line":19,"column":26}},"19":{"start":{"line":20,"column":0},"end":{"line":20,"column":18}},"21":{"start":{"line":22,"column":0},"end":{"line":22,"column":2}},"23":{"start":{"line":24,"column":0},"end":{"line":24,"column":22}}},"s":{"0":0,"1":0,"2":0,"4":0,"5":0,"6":0,"7":0,"8":0,"10":0,"11":0,"13":0,"14":0,"15":0,"16":0,"17":0,"18":0,"19":0,"21":0,"23":0},"branchMap":{"0":{"type":"branch","line":1,"loc":{"start":{"line":1,"column":550},"end":{"line":24,"column":22}},"locations":[{"start":{"line":1,"column":550},"end":{"line":24,"column":22}}]}},"b":{"0":[0]},"fnMap":{"0":{"name":"(empty-report)","decl":{"start":{"line":1,"column":550},"end":{"line":24,"column":22}},"loc":{"start":{"line":1,"column":550},"end":{"line":24,"column":22}},"line":1}},"f":{"0":0}}
,"C:\\Users\\KROTON\\Downloads\\projects\\mercadolibre\\mercadolibretest\\src\\shared\\components\\typography\\types.ts": {"path":"C:\\Users\\KROTON\\Downloads\\projects\\mercadolibre\\mercadolibretest\\src\\shared\\components\\typography\\types.ts","all":true,"statementMap":{},"s":{},"branchMap":{"0":{"type":"branch","line":1,"loc":{"start":{"line":1,"column":169},"end":{"line":7,"column":1}},"locations":[{"start":{"line":1,"column":169},"end":{"line":7,"column":1}}]}},"b":{"0":[1]},"fnMap":{"0":{"name":"(empty-report)","decl":{"start":{"line":1,"column":169},"end":{"line":7,"column":1}},"loc":{"start":{"line":1,"column":169},"end":{"line":7,"column":1}},"line":1}},"f":{"0":1}}
,"C:\\Users\\KROTON\\Downloads\\projects\\mercadolibre\\mercadolibretest\\src\\shared\\components\\typography\\typography.styled.ts": {"path":"C:\\Users\\KROTON\\Downloads\\projects\\mercadolibre\\mercadolibretest\\src\\shared\\components\\typography\\typography.styled.ts","all":false,"statementMap":{"0":{"start":{"line":1,"column":0},"end":{"line":1,"column":37}},"3":{"start":{"line":4,"column":0},"end":{"line":4,"column":44}},"5":{"start":{"line":6,"column":0},"end":{"line":6,"column":66}},"6":{"start":{"line":7,"column":0},"end":{"line":7,"column":3}},"7":{"start":{"line":8,"column":0},"end":{"line":8,"column":8}},"8":{"start":{"line":9,"column":0},"end":{"line":9,"column":8}},"9":{"start":{"line":10,"column":0},"end":{"line":10,"column":9}},"10":{"start":{"line":11,"column":0},"end":{"line":11,"column":13}},"11":{"start":{"line":12,"column":0},"end":{"line":12,"column":45}},"12":{"start":{"line":13,"column":0},"end":{"line":13,"column":39}},"13":{"start":{"line":14,"column":0},"end":{"line":14,"column":26}},"14":{"start":{"line":15,"column":0},"end":{"line":15,"column":41}},"16":{"start":{"line":17,"column":0},"end":{"line":17,"column":2}}},"s":{"0":1,"3":1,"5":1,"6":1,"7":8,"8":8,"9":8,"10":8,"11":8,"12":8,"13":8,"14":8,"16":1},"branchMap":{"0":{"type":"branch","line":7,"loc":{"start":{"line":7,"column":1},"end":{"line":15,"column":41}},"locations":[{"start":{"line":7,"column":1},"end":{"line":15,"column":41}}]}},"b":{"0":[8]},"fnMap":{},"f":{}}
,"C:\\Users\\KROTON\\Downloads\\projects\\mercadolibre\\mercadolibretest\\src\\shared\\components\\typography\\typography.view.tsx": {"path":"C:\\Users\\KROTON\\Downloads\\projects\\mercadolibre\\mercadolibretest\\src\\shared\\components\\typography\\typography.view.tsx","all":false,"statementMap":{"0":{"start":{"line":1,"column":0},"end":{"line":1,"column":26}},"2":{"start":{"line":3,"column":0},"end":{"line":3,"column":46}},"3":{"start":{"line":4,"column":0},"end":{"line":4,"column":42}},"5":{"start":{"line":6,"column":0},"end":{"line":6,"column":49}},"6":{"start":{"line":7,"column":0},"end":{"line":7,"column":13}},"7":{"start":{"line":8,"column":0},"end":{"line":8,"column":10}},"8":{"start":{"line":9,"column":0},"end":{"line":9,"column":8}},"9":{"start":{"line":10,"column":0},"end":{"line":10,"column":7}},"10":{"start":{"line":11,"column":0},"end":{"line":11,"column":26}},"11":{"start":{"line":12,"column":0},"end":{"line":12,"column":9}},"12":{"start":{"line":13,"column":0},"end":{"line":13,"column":63}},"13":{"start":{"line":14,"column":0},"end":{"line":14,"column":13}},"14":{"start":{"line":15,"column":0},"end":{"line":15,"column":32}},"16":{"start":{"line":17,"column":0},"end":{"line":17,"column":2}},"18":{"start":{"line":19,"column":0},"end":{"line":19,"column":26}}},"s":{"0":1,"2":1,"3":1,"5":1,"6":8,"7":8,"8":8,"9":8,"10":8,"11":8,"12":8,"13":8,"14":8,"16":8,"18":1},"branchMap":{"0":{"type":"branch","line":6,"loc":{"start":{"line":6,"column":47},"end":{"line":17,"column":2}},"locations":[{"start":{"line":6,"column":47},"end":{"line":17,"column":2}}]}},"b":{"0":[8]},"fnMap":{"0":{"name":"Typography","decl":{"start":{"line":6,"column":47},"end":{"line":17,"column":2}},"loc":{"start":{"line":6,"column":47},"end":{"line":17,"column":2}},"line":6}},"f":{"0":8}}
,"C:\\Users\\KROTON\\Downloads\\projects\\mercadolibre\\mercadolibretest\\src\\shared\\testing\\render-with-providers.tsx": {"path":"C:\\Users\\KROTON\\Downloads\\projects\\mercadolibre\\mercadolibretest\\src\\shared\\testing\\render-with-providers.tsx","all":false,"statementMap":{"0":{"start":{"line":1,"column":0},"end":{"line":1,"column":48}},"1":{"start":{"line":2,"column":0},"end":{"line":2,"column":47}},"2":{"start":{"line":3,"column":0},"end":{"line":3,"column":56}},"3":{"start":{"line":4,"column":0},"end":{"line":4,"column":48}},"5":{"start":{"line":6,"column":0},"end":{"line":6,"column":60}},"6":{"start":{"line":7,"column":0},"end":{"line":7,"column":15}},"7":{"start":{"line":8,"column":0},"end":{"line":8,"column":16}},"8":{"start":{"line":9,"column":0},"end":{"line":9,"column":72}},"9":{"start":{"line":10,"column":0},"end":{"line":10,"column":17}},"10":{"start":{"line":11,"column":0},"end":{"line":11,"column":3}},"11":{"start":{"line":12,"column":0},"end":{"line":12,"column":2}},"13":{"start":{"line":14,"column":0},"end":{"line":14,"column":35}}},"s":{"0":1,"1":1,"2":1,"3":1,"5":1,"6":12,"7":12,"8":12,"9":12,"10":12,"11":12,"13":1},"branchMap":{"0":{"type":"branch","line":6,"loc":{"start":{"line":6,"column":28},"end":{"line":12,"column":2}},"locations":[{"start":{"line":6,"column":28},"end":{"line":12,"column":2}}]}},"b":{"0":[12]},"fnMap":{"0":{"name":"renderWithProviders","decl":{"start":{"line":6,"column":28},"end":{"line":12,"column":2}},"loc":{"start":{"line":6,"column":28},"end":{"line":12,"column":2}},"line":6}},"f":{"0":12}}
,"C:\\Users\\KROTON\\Downloads\\projects\\mercadolibre\\mercadolibretest\\src\\shared\\theme\\palettes.ts": {"path":"C:\\Users\\KROTON\\Downloads\\projects\\mercadolibre\\mercadolibretest\\src\\shared\\theme\\palettes.ts","all":false,"statementMap":{"0":{"start":{"line":1,"column":0},"end":{"line":1,"column":36}},"1":{"start":{"line":2,"column":0},"end":{"line":2,"column":11}},"2":{"start":{"line":3,"column":0},"end":{"line":3,"column":17}},"3":{"start":{"line":4,"column":0},"end":{"line":4,"column":17}},"4":{"start":{"line":5,"column":0},"end":{"line":5,"column":17}},"5":{"start":{"line":6,"column":0},"end":{"line":6,"column":3}},"6":{"start":{"line":7,"column":0},"end":{"line":7,"column":13}},"7":{"start":{"line":8,"column":0},"end":{"line":8,"column":17}},"8":{"start":{"line":9,"column":0},"end":{"line":9,"column":17}},"9":{"start":{"line":10,"column":0},"end":{"line":10,"column":17}},"10":{"start":{"line":11,"column":0},"end":{"line":11,"column":3}},"11":{"start":{"line":12,"column":0},"end":{"line":12,"column":11}},"12":{"start":{"line":13,"column":0},"end":{"line":13,"column":17}},"13":{"start":{"line":14,"column":0},"end":{"line":14,"column":17}},"14":{"start":{"line":15,"column":0},"end":{"line":15,"column":17}},"15":{"start":{"line":16,"column":0},"end":{"line":16,"column":3}},"16":{"start":{"line":17,"column":0},"end":{"line":17,"column":2}}},"s":{"0":1,"1":1,"2":1,"3":1,"4":1,"5":1,"6":1,"7":1,"8":1,"9":1,"10":1,"11":1,"12":1,"13":1,"14":1,"15":1,"16":1},"branchMap":{},"b":{},"fnMap":{},"f":{}}
,"C:\\Users\\KROTON\\Downloads\\projects\\mercadolibre\\mercadolibretest\\src\\shared\\utils\\px-to-rem.ts": {"path":"C:\\Users\\KROTON\\Downloads\\projects\\mercadolibre\\mercadolibretest\\src\\shared\\utils\\px-to-rem.ts","all":false,"statementMap":{"0":{"start":{"line":1,"column":0},"end":{"line":1,"column":60}},"1":{"start":{"line":2,"column":0},"end":{"line":2,"column":26}},"2":{"start":{"line":3,"column":0},"end":{"line":3,"column":2}},"4":{"start":{"line":5,"column":0},"end":{"line":5,"column":23}}},"s":{"0":1,"1":10,"2":10,"4":1},"branchMap":{"0":{"type":"branch","line":1,"loc":{"start":{"line":1,"column":16},"end":{"line":3,"column":2}},"locations":[{"start":{"line":1,"column":16},"end":{"line":3,"column":2}}]}},"b":{"0":[10]},"fnMap":{"0":{"name":"pxToRem","decl":{"start":{"line":1,"column":16},"end":{"line":3,"column":2}},"loc":{"start":{"line":1,"column":16},"end":{"line":3,"column":2}},"line":1}},"f":{"0":10}}
}
