{"C:\\Users\\KROTON\\Downloads\\projects\\mercadolibre\\mercadolibretest\\src\\main.tsx": {"path":"C:\\Users\\KROTON\\Downloads\\projects\\mercadolibre\\mercadolibretest\\src\\main.tsx","all":true,"statementMap":{"0":{"start":{"line":1,"column":0},"end":{"line":1,"column":35}},"1":{"start":{"line":2,"column":0},"end":{"line":2,"column":46}},"2":{"start":{"line":3,"column":0},"end":{"line":3,"column":65}},"3":{"start":{"line":4,"column":0},"end":{"line":4,"column":49}},"4":{"start":{"line":5,"column":0},"end":{"line":5,"column":57}},"5":{"start":{"line":6,"column":0},"end":{"line":6,"column":47}},"6":{"start":{"line":7,"column":0},"end":{"line":7,"column":21}},"8":{"start":{"line":9,"column":0},"end":{"line":9,"column":52}},"9":{"start":{"line":10,"column":0},"end":{"line":10,"column":44}},"10":{"start":{"line":11,"column":0},"end":{"line":11,"column":14}},"11":{"start":{"line":12,"column":0},"end":{"line":12,"column":18}},"12":{"start":{"line":13,"column":0},"end":{"line":13,"column":24}},"13":{"start":{"line":14,"column":0},"end":{"line":14,"column":19}},"14":{"start":{"line":15,"column":0},"end":{"line":15,"column":15}},"15":{"start":{"line":16,"column":0},"end":{"line":16,"column":17}},"16":{"start":{"line":17,"column":0},"end":{"line":17,"column":2}}},"s":{"0":0,"1":0,"2":0,"3":0,"4":0,"5":0,"6":0,"8":0,"9":0,"10":0,"11":0,"12":0,"13":0,"14":0,"15":0,"16":0},"branchMap":{"0":{"type":"branch","line":1,"loc":{"start":{"line":1,"column":464},"end":{"line":17,"column":-341}},"locations":[{"start":{"line":1,"column":464},"end":{"line":17,"column":-341}}]}},"b":{"0":[0]},"fnMap":{"0":{"name":"(empty-report)","decl":{"start":{"line":1,"column":464},"end":{"line":17,"column":-341}},"loc":{"start":{"line":1,"column":464},"end":{"line":17,"column":-341}},"line":1}},"f":{"0":0}}
,"C:\\Users\\KROTON\\Downloads\\projects\\mercadolibre\\mercadolibretest\\src\\assets\\icons\\cross.icon.tsx": {"path":"C:\\Users\\KROTON\\Downloads\\projects\\mercadolibre\\mercadolibretest\\src\\assets\\icons\\cross.icon.tsx","all":false,"statementMap":{"6":{"start":{"line":7,"column":0},"end":{"line":7,"column":46}},"7":{"start":{"line":8,"column":0},"end":{"line":8,"column":11}},"8":{"start":{"line":9,"column":0},"end":{"line":9,"column":16}},"9":{"start":{"line":10,"column":0},"end":{"line":10,"column":22}},"10":{"start":{"line":11,"column":0},"end":{"line":11,"column":7}},"11":{"start":{"line":12,"column":0},"end":{"line":12,"column":9}},"12":{"start":{"line":13,"column":0},"end":{"line":13,"column":6}},"13":{"start":{"line":14,"column":0},"end":{"line":14,"column":27}},"14":{"start":{"line":15,"column":0},"end":{"line":15,"column":15}},"15":{"start":{"line":16,"column":0},"end":{"line":16,"column":16}},"16":{"start":{"line":17,"column":0},"end":{"line":17,"column":22}},"17":{"start":{"line":18,"column":0},"end":{"line":18,"column":14}},"18":{"start":{"line":19,"column":0},"end":{"line":19,"column":13}},"19":{"start":{"line":20,"column":0},"end":{"line":20,"column":25}},"20":{"start":{"line":21,"column":0},"end":{"line":21,"column":38}},"21":{"start":{"line":22,"column":0},"end":{"line":22,"column":29}},"22":{"start":{"line":23,"column":0},"end":{"line":23,"column":8}},"23":{"start":{"line":24,"column":0},"end":{"line":24,"column":11}},"24":{"start":{"line":25,"column":0},"end":{"line":25,"column":10}},"25":{"start":{"line":26,"column":0},"end":{"line":26,"column":10}},"26":{"start":{"line":27,"column":0},"end":{"line":27,"column":11}},"27":{"start":{"line":28,"column":0},"end":{"line":28,"column":18}},"28":{"start":{"line":29,"column":0},"end":{"line":29,"column":19}},"29":{"start":{"line":30,"column":0},"end":{"line":30,"column":25}},"30":{"start":{"line":31,"column":0},"end":{"line":31,"column":5}},"31":{"start":{"line":32,"column":0},"end":{"line":32,"column":8}},"32":{"start":{"line":33,"column":0},"end":{"line":33,"column":10}},"33":{"start":{"line":34,"column":0},"end":{"line":34,"column":10}},"34":{"start":{"line":35,"column":0},"end":{"line":35,"column":11}},"35":{"start":{"line":36,"column":0},"end":{"line":36,"column":11}},"36":{"start":{"line":37,"column":0},"end":{"line":37,"column":18}},"37":{"start":{"line":38,"column":0},"end":{"line":38,"column":19}},"38":{"start":{"line":39,"column":0},"end":{"line":39,"column":25}},"39":{"start":{"line":40,"column":0},"end":{"line":40,"column":5}},"40":{"start":{"line":41,"column":0},"end":{"line":41,"column":8}},"42":{"start":{"line":43,"column":0},"end":{"line":43,"column":2}},"44":{"start":{"line":45,"column":0},"end":{"line":45,"column":25}}},"s":{"6":1,"7":10,"8":10,"9":10,"10":10,"11":10,"12":10,"13":10,"14":10,"15":10,"16":10,"17":10,"18":10,"19":10,"20":10,"21":10,"22":10,"23":10,"24":10,"25":10,"26":10,"27":10,"28":10,"29":10,"30":10,"31":10,"32":10,"33":10,"34":10,"35":10,"36":10,"37":10,"38":10,"39":10,"40":10,"42":10,"44":1},"branchMap":{"0":{"type":"branch","line":7,"loc":{"start":{"line":7,"column":44},"end":{"line":43,"column":2}},"locations":[{"start":{"line":7,"column":44},"end":{"line":43,"column":2}}]}},"b":{"0":[10]},"fnMap":{"0":{"name":"CrossIcon","decl":{"start":{"line":7,"column":44},"end":{"line":43,"column":2}},"loc":{"start":{"line":7,"column":44},"end":{"line":43,"column":2}},"line":7}},"f":{"0":10}}
,"C:\\Users\\KROTON\\Downloads\\projects\\mercadolibre\\mercadolibretest\\src\\assets\\icons\\index.ts": {"path":"C:\\Users\\KROTON\\Downloads\\projects\\mercadolibre\\mercadolibretest\\src\\assets\\icons\\index.ts","all":false,"statementMap":{"0":{"start":{"line":1,"column":0},"end":{"line":1,"column":70}},"1":{"start":{"line":2,"column":0},"end":{"line":2,"column":50}},"2":{"start":{"line":3,"column":0},"end":{"line":3,"column":58}},"3":{"start":{"line":4,"column":0},"end":{"line":4,"column":52}}},"s":{"0":1,"1":1,"2":1,"3":1},"branchMap":{},"b":{},"fnMap":{},"f":{}}
,"C:\\Users\\KROTON\\Downloads\\projects\\mercadolibre\\mercadolibretest\\src\\assets\\icons\\shopping-cart.icon.tsx": {"path":"C:\\Users\\KROTON\\Downloads\\projects\\mercadolibre\\mercadolibretest\\src\\assets\\icons\\shopping-cart.icon.tsx","all":false,"statementMap":{"8":{"start":{"line":9,"column":0},"end":{"line":9,"column":66}},"9":{"start":{"line":10,"column":0},"end":{"line":10,"column":11}},"10":{"start":{"line":11,"column":0},"end":{"line":11,"column":24}},"11":{"start":{"line":12,"column":0},"end":{"line":12,"column":40}},"12":{"start":{"line":13,"column":0},"end":{"line":13,"column":20}},"13":{"start":{"line":14,"column":0},"end":{"line":14,"column":11}},"14":{"start":{"line":15,"column":0},"end":{"line":15,"column":7}},"15":{"start":{"line":16,"column":0},"end":{"line":16,"column":53}},"16":{"start":{"line":17,"column":0},"end":{"line":17,"column":15}},"17":{"start":{"line":18,"column":0},"end":{"line":18,"column":18}},"19":{"start":{"line":20,"column":0},"end":{"line":20,"column":9}},"20":{"start":{"line":21,"column":0},"end":{"line":21,"column":6}},"21":{"start":{"line":22,"column":0},"end":{"line":22,"column":24}},"22":{"start":{"line":23,"column":0},"end":{"line":23,"column":35}},"23":{"start":{"line":24,"column":0},"end":{"line":24,"column":37}},"24":{"start":{"line":25,"column":0},"end":{"line":25,"column":15}},"25":{"start":{"line":26,"column":0},"end":{"line":26,"column":16}},"26":{"start":{"line":27,"column":0},"end":{"line":27,"column":22}},"27":{"start":{"line":28,"column":0},"end":{"line":28,"column":14}},"28":{"start":{"line":29,"column":0},"end":{"line":29,"column":17}},"29":{"start":{"line":30,"column":0},"end":{"line":30,"column":18}},"30":{"start":{"line":31,"column":0},"end":{"line":31,"column":24}},"31":{"start":{"line":32,"column":0},"end":{"line":32,"column":25}},"32":{"start":{"line":33,"column":0},"end":{"line":33,"column":13}},"33":{"start":{"line":34,"column":0},"end":{"line":34,"column":27}},"34":{"start":{"line":35,"column":0},"end":{"line":35,"column":54}},"35":{"start":{"line":36,"column":0},"end":{"line":36,"column":21}},"36":{"start":{"line":37,"column":0},"end":{"line":37,"column":55}},"37":{"start":{"line":38,"column":0},"end":{"line":38,"column":34}},"38":{"start":{"line":39,"column":0},"end":{"line":39,"column":35}},"39":{"start":{"line":40,"column":0},"end":{"line":40,"column":79}},"40":{"start":{"line":41,"column":0},"end":{"line":41,"column":8}},"42":{"start":{"line":43,"column":0},"end":{"line":43,"column":2}},"44":{"start":{"line":45,"column":0},"end":{"line":45,"column":35}}},"s":{"8":1,"9":1,"10":1,"11":1,"12":1,"13":1,"14":1,"15":1,"16":1,"17":1,"19":1,"20":1,"21":1,"22":1,"23":1,"24":1,"25":1,"26":1,"27":1,"28":1,"29":1,"30":1,"31":1,"32":1,"33":1,"34":1,"35":1,"36":1,"37":1,"38":1,"39":1,"40":1,"42":1,"44":1},"branchMap":{"0":{"type":"branch","line":9,"loc":{"start":{"line":9,"column":64},"end":{"line":43,"column":2}},"locations":[{"start":{"line":9,"column":64},"end":{"line":43,"column":2}}]},"1":{"type":"branch","line":35,"loc":{"start":{"line":35,"column":34},"end":{"line":35,"column":54}},"locations":[{"start":{"line":35,"column":34},"end":{"line":35,"column":54}}]}},"b":{"0":[1],"1":[0]},"fnMap":{"0":{"name":"SvgShoppingCartIcon","decl":{"start":{"line":9,"column":64},"end":{"line":43,"column":2}},"loc":{"start":{"line":9,"column":64},"end":{"line":43,"column":2}},"line":9}},"f":{"0":1}}
,"C:\\Users\\KROTON\\Downloads\\projects\\mercadolibre\\mercadolibretest\\src\\assets\\icons\\star.icon.tsx": {"path":"C:\\Users\\KROTON\\Downloads\\projects\\mercadolibre\\mercadolibretest\\src\\assets\\icons\\star.icon.tsx","all":false,"statementMap":{"12":{"start":{"line":13,"column":0},"end":{"line":13,"column":44}},"13":{"start":{"line":14,"column":0},"end":{"line":14,"column":16}},"14":{"start":{"line":15,"column":0},"end":{"line":15,"column":14}},"15":{"start":{"line":16,"column":0},"end":{"line":16,"column":11}},"16":{"start":{"line":17,"column":0},"end":{"line":17,"column":7}},"17":{"start":{"line":18,"column":0},"end":{"line":18,"column":13}},"18":{"start":{"line":19,"column":0},"end":{"line":19,"column":28}},"19":{"start":{"line":20,"column":0},"end":{"line":20,"column":19}},"20":{"start":{"line":21,"column":0},"end":{"line":21,"column":26}},"21":{"start":{"line":22,"column":0},"end":{"line":22,"column":11}},"22":{"start":{"line":23,"column":0},"end":{"line":23,"column":7}},"23":{"start":{"line":24,"column":0},"end":{"line":24,"column":49}},"24":{"start":{"line":25,"column":0},"end":{"line":25,"column":15}},"25":{"start":{"line":26,"column":0},"end":{"line":26,"column":21}},"27":{"start":{"line":28,"column":0},"end":{"line":28,"column":9}},"28":{"start":{"line":29,"column":0},"end":{"line":29,"column":6}},"29":{"start":{"line":30,"column":0},"end":{"line":30,"column":27}},"30":{"start":{"line":31,"column":0},"end":{"line":31,"column":24}},"31":{"start":{"line":32,"column":0},"end":{"line":32,"column":15}},"32":{"start":{"line":33,"column":0},"end":{"line":33,"column":16}},"33":{"start":{"line":34,"column":0},"end":{"line":34,"column":24}},"34":{"start":{"line":35,"column":0},"end":{"line":35,"column":13}},"35":{"start":{"line":36,"column":0},"end":{"line":36,"column":27}},"36":{"start":{"line":37,"column":0},"end":{"line":37,"column":54}},"37":{"start":{"line":38,"column":0},"end":{"line":38,"column":20}},"38":{"start":{"line":39,"column":0},"end":{"line":39,"column":38}},"39":{"start":{"line":40,"column":0},"end":{"line":40,"column":55}},"42":{"start":{"line":43,"column":0},"end":{"line":43,"column":11}},"43":{"start":{"line":44,"column":0},"end":{"line":44,"column":57}},"45":{"start":{"line":46,"column":0},"end":{"line":46,"column":22}},"46":{"start":{"line":47,"column":0},"end":{"line":47,"column":33}},"47":{"start":{"line":48,"column":0},"end":{"line":48,"column":21}},"48":{"start":{"line":49,"column":0},"end":{"line":49,"column":5}},"51":{"start":{"line":52,"column":0},"end":{"line":52,"column":25}},"52":{"start":{"line":53,"column":0},"end":{"line":53,"column":6}},"53":{"start":{"line":54,"column":0},"end":{"line":54,"column":15}},"54":{"start":{"line":55,"column":0},"end":{"line":55,"column":12}},"55":{"start":{"line":56,"column":0},"end":{"line":56,"column":42}},"56":{"start":{"line":57,"column":0},"end":{"line":57,"column":47}},"57":{"start":{"line":58,"column":0},"end":{"line":58,"column":53}},"58":{"start":{"line":59,"column":0},"end":{"line":59,"column":24}},"59":{"start":{"line":60,"column":0},"end":{"line":60,"column":13}},"61":{"start":{"line":62,"column":0},"end":{"line":62,"column":13}},"62":{"start":{"line":63,"column":0},"end":{"line":63,"column":51}},"64":{"start":{"line":65,"column":0},"end":{"line":65,"column":51}},"65":{"start":{"line":66,"column":0},"end":{"line":66,"column":26}},"66":{"start":{"line":67,"column":0},"end":{"line":67,"column":23}},"67":{"start":{"line":68,"column":0},"end":{"line":68,"column":7}},"68":{"start":{"line":69,"column":0},"end":{"line":69,"column":7}},"70":{"start":{"line":71,"column":0},"end":{"line":71,"column":8}},"72":{"start":{"line":73,"column":0},"end":{"line":73,"column":2}},"74":{"start":{"line":75,"column":0},"end":{"line":75,"column":24}}},"s":{"12":1,"13":45,"14":45,"15":45,"16":45,"17":45,"18":45,"19":45,"20":45,"21":45,"22":45,"23":45,"24":45,"25":45,"27":45,"28":45,"29":45,"30":45,"31":45,"32":45,"33":45,"34":45,"35":45,"36":45,"37":45,"38":45,"39":45,"42":45,"43":45,"45":45,"46":45,"47":45,"48":45,"51":45,"52":38,"53":38,"54":7,"55":7,"56":7,"57":7,"58":7,"59":7,"61":38,"62":38,"64":38,"65":38,"66":38,"67":38,"68":38,"70":45,"72":45,"74":1},"branchMap":{"0":{"type":"branch","line":13,"loc":{"start":{"line":13,"column":42},"end":{"line":73,"column":2}},"locations":[{"start":{"line":13,"column":42},"end":{"line":73,"column":2}}]},"1":{"type":"branch","line":37,"loc":{"start":{"line":37,"column":34},"end":{"line":37,"column":54}},"locations":[{"start":{"line":37,"column":34},"end":{"line":37,"column":54}}]},"2":{"type":"branch","line":52,"loc":{"start":{"line":52,"column":5},"end":{"line":52,"column":25}},"locations":[{"start":{"line":52,"column":5},"end":{"line":52,"column":25}}]},"3":{"type":"branch","line":52,"loc":{"start":{"line":52,"column":15},"end":{"line":69,"column":7}},"locations":[{"start":{"line":52,"column":15},"end":{"line":69,"column":7}}]},"4":{"type":"branch","line":54,"loc":{"start":{"line":54,"column":6},"end":{"line":60,"column":13}},"locations":[{"start":{"line":54,"column":6},"end":{"line":60,"column":13}}]},"5":{"type":"branch","line":65,"loc":{"start":{"line":65,"column":12},"end":{"line":65,"column":29}},"locations":[{"start":{"line":65,"column":12},"end":{"line":65,"column":29}}]},"6":{"type":"branch","line":65,"loc":{"start":{"line":65,"column":21},"end":{"line":65,"column":51}},"locations":[{"start":{"line":65,"column":21},"end":{"line":65,"column":51}}]}},"b":{"0":[45],"1":[0],"2":[14],"3":[38],"4":[7],"5":[31],"6":[7]},"fnMap":{"0":{"name":"StarIcon","decl":{"start":{"line":13,"column":42},"end":{"line":73,"column":2}},"loc":{"start":{"line":13,"column":42},"end":{"line":73,"column":2}},"line":13}},"f":{"0":45}}
,"C:\\Users\\KROTON\\Downloads\\projects\\mercadolibre\\mercadolibretest\\src\\assets\\icons\\verified.icon.tsx": {"path":"C:\\Users\\KROTON\\Downloads\\projects\\mercadolibre\\mercadolibretest\\src\\assets\\icons\\verified.icon.tsx","all":false,"statementMap":{"8":{"start":{"line":9,"column":0},"end":{"line":9,"column":52}},"9":{"start":{"line":10,"column":0},"end":{"line":10,"column":11}},"10":{"start":{"line":11,"column":0},"end":{"line":11,"column":19}},"11":{"start":{"line":12,"column":0},"end":{"line":12,"column":31}},"12":{"start":{"line":13,"column":0},"end":{"line":13,"column":20}},"13":{"start":{"line":14,"column":0},"end":{"line":14,"column":11}},"14":{"start":{"line":15,"column":0},"end":{"line":15,"column":7}},"15":{"start":{"line":16,"column":0},"end":{"line":16,"column":53}},"16":{"start":{"line":17,"column":0},"end":{"line":17,"column":15}},"17":{"start":{"line":18,"column":0},"end":{"line":18,"column":21}},"19":{"start":{"line":20,"column":0},"end":{"line":20,"column":9}},"20":{"start":{"line":21,"column":0},"end":{"line":21,"column":6}},"21":{"start":{"line":22,"column":0},"end":{"line":22,"column":30}},"22":{"start":{"line":23,"column":0},"end":{"line":23,"column":24}},"23":{"start":{"line":24,"column":0},"end":{"line":24,"column":15}},"24":{"start":{"line":25,"column":0},"end":{"line":25,"column":16}},"25":{"start":{"line":26,"column":0},"end":{"line":26,"column":22}},"26":{"start":{"line":27,"column":0},"end":{"line":27,"column":15}},"27":{"start":{"line":28,"column":0},"end":{"line":28,"column":37}},"28":{"start":{"line":29,"column":0},"end":{"line":29,"column":13}},"29":{"start":{"line":30,"column":0},"end":{"line":30,"column":27}},"30":{"start":{"line":31,"column":0},"end":{"line":31,"column":54}},"31":{"start":{"line":32,"column":0},"end":{"line":32,"column":21}},"32":{"start":{"line":33,"column":0},"end":{"line":33,"column":55}},"33":{"start":{"line":34,"column":0},"end":{"line":34,"column":117}},"34":{"start":{"line":35,"column":0},"end":{"line":35,"column":8}},"35":{"start":{"line":36,"column":0},"end":{"line":36,"column":75}},"36":{"start":{"line":37,"column":0},"end":{"line":37,"column":16}},"37":{"start":{"line":38,"column":0},"end":{"line":38,"column":5}},"38":{"start":{"line":39,"column":0},"end":{"line":39,"column":8}},"40":{"start":{"line":41,"column":0},"end":{"line":41,"column":2}},"42":{"start":{"line":43,"column":0},"end":{"line":43,"column":28}}},"s":{"8":1,"9":20,"10":20,"11":20,"12":20,"13":20,"14":20,"15":20,"16":20,"17":20,"19":20,"20":20,"21":20,"22":20,"23":20,"24":20,"25":20,"26":20,"27":20,"28":20,"29":20,"30":20,"31":20,"32":20,"33":20,"34":20,"35":20,"36":20,"37":20,"38":20,"40":20,"42":1},"branchMap":{"0":{"type":"branch","line":9,"loc":{"start":{"line":9,"column":50},"end":{"line":41,"column":2}},"locations":[{"start":{"line":9,"column":50},"end":{"line":41,"column":2}}]},"1":{"type":"branch","line":31,"loc":{"start":{"line":31,"column":34},"end":{"line":31,"column":54}},"locations":[{"start":{"line":31,"column":34},"end":{"line":31,"column":54}}]}},"b":{"0":[20],"1":[0]},"fnMap":{"0":{"name":"VerifiedIcon","decl":{"start":{"line":9,"column":50},"end":{"line":41,"column":2}},"loc":{"start":{"line":9,"column":50},"end":{"line":41,"column":2}},"line":9}},"f":{"0":20}}
,"C:\\Users\\KROTON\\Downloads\\projects\\mercadolibre\\mercadolibretest\\src\\pages\\item-detail.page.styled.ts": {"path":"C:\\Users\\KROTON\\Downloads\\projects\\mercadolibre\\mercadolibretest\\src\\pages\\item-detail.page.styled.ts","all":false,"statementMap":{"0":{"start":{"line":1,"column":0},"end":{"line":1,"column":37}},"1":{"start":{"line":2,"column":0},"end":{"line":2,"column":58}},"3":{"start":{"line":4,"column":0},"end":{"line":4,"column":38}},"12":{"start":{"line":13,"column":0},"end":{"line":13,"column":26}},"17":{"start":{"line":18,"column":0},"end":{"line":18,"column":35}},"24":{"start":{"line":25,"column":0},"end":{"line":25,"column":32}}},"s":{"0":1,"1":1,"3":1,"12":1,"17":1,"24":1},"branchMap":{},"b":{},"fnMap":{},"f":{}}
,"C:\\Users\\KROTON\\Downloads\\projects\\mercadolibre\\mercadolibretest\\src\\pages\\item-detail.page.tsx": {"path":"C:\\Users\\KROTON\\Downloads\\projects\\mercadolibre\\mercadolibretest\\src\\pages\\item-detail.page.tsx","all":false,"statementMap":{"0":{"start":{"line":1,"column":0},"end":{"line":1,"column":68}},"1":{"start":{"line":2,"column":0},"end":{"line":2,"column":55}},"2":{"start":{"line":3,"column":0},"end":{"line":3,"column":56}},"3":{"start":{"line":4,"column":0},"end":{"line":4,"column":52}},"4":{"start":{"line":5,"column":0},"end":{"line":5,"column":50}},"5":{"start":{"line":6,"column":0},"end":{"line":6,"column":37}},"6":{"start":{"line":7,"column":0},"end":{"line":7,"column":42}},"7":{"start":{"line":8,"column":0},"end":{"line":8,"column":38}},"8":{"start":{"line":9,"column":0},"end":{"line":9,"column":67}},"9":{"start":{"line":10,"column":0},"end":{"line":10,"column":34}},"10":{"start":{"line":11,"column":0},"end":{"line":11,"column":70}},"12":{"start":{"line":13,"column":0},"end":{"line":13,"column":30}},"13":{"start":{"line":14,"column":0},"end":{"line":14,"column":74}},"14":{"start":{"line":15,"column":0},"end":{"line":15,"column":26}},"15":{"start":{"line":16,"column":0},"end":{"line":16,"column":9}},"16":{"start":{"line":17,"column":0},"end":{"line":17,"column":4}},"17":{"start":{"line":18,"column":0},"end":{"line":18,"column":13}},"18":{"start":{"line":19,"column":0},"end":{"line":19,"column":61}},"19":{"start":{"line":20,"column":0},"end":{"line":20,"column":44}},"21":{"start":{"line":22,"column":0},"end":{"line":22,"column":24}},"22":{"start":{"line":23,"column":0},"end":{"line":23,"column":19}},"23":{"start":{"line":24,"column":0},"end":{"line":24,"column":41}},"25":{"start":{"line":26,"column":0},"end":{"line":26,"column":74}},"26":{"start":{"line":27,"column":0},"end":{"line":27,"column":20}},"28":{"start":{"line":29,"column":0},"end":{"line":29,"column":26}},"29":{"start":{"line":30,"column":0},"end":{"line":30,"column":25}},"31":{"start":{"line":32,"column":0},"end":{"line":32,"column":49}},"32":{"start":{"line":33,"column":0},"end":{"line":33,"column":59}},"34":{"start":{"line":35,"column":0},"end":{"line":35,"column":18}},"35":{"start":{"line":36,"column":0},"end":{"line":36,"column":51}},"36":{"start":{"line":37,"column":0},"end":{"line":37,"column":44}},"37":{"start":{"line":38,"column":0},"end":{"line":38,"column":18}},"38":{"start":{"line":39,"column":0},"end":{"line":39,"column":14}},"39":{"start":{"line":40,"column":0},"end":{"line":40,"column":20}},"40":{"start":{"line":41,"column":0},"end":{"line":41,"column":5}},"42":{"start":{"line":43,"column":0},"end":{"line":43,"column":2}},"44":{"start":{"line":45,"column":0},"end":{"line":45,"column":30}}},"s":{"0":1,"1":1,"2":1,"3":1,"4":1,"5":1,"6":1,"7":1,"8":1,"9":1,"10":1,"12":1,"13":2,"14":2,"15":2,"16":2,"17":2,"18":2,"19":2,"21":2,"22":2,"23":2,"25":2,"26":2,"28":2,"29":2,"31":2,"32":2,"34":2,"35":2,"36":2,"37":2,"38":2,"39":2,"40":2,"42":2,"44":1},"branchMap":{"0":{"type":"branch","line":13,"loc":{"start":{"line":13,"column":23},"end":{"line":43,"column":2}},"locations":[{"start":{"line":13,"column":23},"end":{"line":43,"column":2}}]},"1":{"type":"branch","line":26,"loc":{"start":{"line":26,"column":12},"end":{"line":26,"column":74}},"locations":[{"start":{"line":26,"column":12},"end":{"line":26,"column":74}}]}},"b":{"0":[2],"1":[0]},"fnMap":{"0":{"name":"ItemDetailPage","decl":{"start":{"line":13,"column":23},"end":{"line":43,"column":2}},"loc":{"start":{"line":13,"column":23},"end":{"line":43,"column":2}},"line":13}},"f":{"0":2}}
,"C:\\Users\\KROTON\\Downloads\\projects\\mercadolibre\\mercadolibretest\\src\\pages\\types.ts": {"path":"C:\\Users\\KROTON\\Downloads\\projects\\mercadolibre\\mercadolibretest\\src\\pages\\types.ts","all":true,"statementMap":{},"s":{},"branchMap":{"0":{"type":"branch","line":1,"loc":{"start":{"line":1,"column":977},"end":{"line":56,"column":1}},"locations":[{"start":{"line":1,"column":977},"end":{"line":56,"column":1}}]}},"b":{"0":[1]},"fnMap":{"0":{"name":"(empty-report)","decl":{"start":{"line":1,"column":977},"end":{"line":56,"column":1}},"loc":{"start":{"line":1,"column":977},"end":{"line":56,"column":1}},"line":1}},"f":{"0":1}}
,"C:\\Users\\KROTON\\Downloads\\projects\\mercadolibre\\mercadolibretest\\src\\pages\\components\\acquisition\\acquisition.styled.ts": {"path":"C:\\Users\\KROTON\\Downloads\\projects\\mercadolibre\\mercadolibretest\\src\\pages\\components\\acquisition\\acquisition.styled.ts","all":false,"statementMap":{"0":{"start":{"line":1,"column":0},"end":{"line":1,"column":37}},"2":{"start":{"line":3,"column":0},"end":{"line":3,"column":34}},"12":{"start":{"line":13,"column":0},"end":{"line":13,"column":43}},"17":{"start":{"line":18,"column":0},"end":{"line":18,"column":34}},"22":{"start":{"line":23,"column":0},"end":{"line":23,"column":42}},"29":{"start":{"line":30,"column":0},"end":{"line":30,"column":39}}},"s":{"0":1,"2":1,"12":1,"17":1,"22":1,"29":1},"branchMap":{},"b":{},"fnMap":{},"f":{}}
,"C:\\Users\\KROTON\\Downloads\\projects\\mercadolibre\\mercadolibretest\\src\\pages\\components\\acquisition\\acquisition.view.tsx": {"path":"C:\\Users\\KROTON\\Downloads\\projects\\mercadolibre\\mercadolibretest\\src\\pages\\components\\acquisition\\acquisition.view.tsx","all":false,"statementMap":{"0":{"start":{"line":1,"column":0},"end":{"line":1,"column":26}},"1":{"start":{"line":2,"column":0},"end":{"line":2,"column":42}},"2":{"start":{"line":3,"column":0},"end":{"line":3,"column":72}},"3":{"start":{"line":4,"column":0},"end":{"line":4,"column":47}},"4":{"start":{"line":5,"column":0},"end":{"line":5,"column":59}},"6":{"start":{"line":7,"column":0},"end":{"line":7,"column":59}},"8":{"start":{"line":9,"column":0},"end":{"line":9,"column":46}},"9":{"start":{"line":10,"column":0},"end":{"line":10,"column":7}},"10":{"start":{"line":11,"column":0},"end":{"line":11,"column":21}},"11":{"start":{"line":12,"column":0},"end":{"line":12,"column":7}},"12":{"start":{"line":13,"column":0},"end":{"line":13,"column":49}},"13":{"start":{"line":14,"column":0},"end":{"line":14,"column":26}},"15":{"start":{"line":16,"column":0},"end":{"line":16,"column":21}},"16":{"start":{"line":17,"column":0},"end":{"line":17,"column":54}},"17":{"start":{"line":18,"column":0},"end":{"line":18,"column":16}},"19":{"start":{"line":20,"column":0},"end":{"line":20,"column":20}},"20":{"start":{"line":21,"column":0},"end":{"line":21,"column":22}},"21":{"start":{"line":22,"column":0},"end":{"line":22,"column":56}},"22":{"start":{"line":23,"column":0},"end":{"line":23,"column":11}},"23":{"start":{"line":24,"column":0},"end":{"line":24,"column":21}},"24":{"start":{"line":25,"column":0},"end":{"line":25,"column":30}},"25":{"start":{"line":26,"column":0},"end":{"line":26,"column":5}},"26":{"start":{"line":27,"column":0},"end":{"line":27,"column":5}},"27":{"start":{"line":28,"column":0},"end":{"line":28,"column":13}},"28":{"start":{"line":29,"column":0},"end":{"line":29,"column":19}},"29":{"start":{"line":30,"column":0},"end":{"line":30,"column":3}},"31":{"start":{"line":32,"column":0},"end":{"line":32,"column":56}},"33":{"start":{"line":34,"column":0},"end":{"line":34,"column":9}},"34":{"start":{"line":35,"column":0},"end":{"line":35,"column":44}},"35":{"start":{"line":36,"column":0},"end":{"line":36,"column":27}},"36":{"start":{"line":37,"column":0},"end":{"line":37,"column":20}},"37":{"start":{"line":38,"column":0},"end":{"line":38,"column":71}},"39":{"start":{"line":40,"column":0},"end":{"line":40,"column":18}},"40":{"start":{"line":41,"column":0},"end":{"line":41,"column":26}},"41":{"start":{"line":42,"column":0},"end":{"line":42,"column":17}},"42":{"start":{"line":43,"column":0},"end":{"line":43,"column":22}},"43":{"start":{"line":44,"column":0},"end":{"line":44,"column":33}},"44":{"start":{"line":45,"column":0},"end":{"line":45,"column":27}},"46":{"start":{"line":47,"column":0},"end":{"line":47,"column":19}},"47":{"start":{"line":48,"column":0},"end":{"line":48,"column":57}},"48":{"start":{"line":49,"column":0},"end":{"line":49,"column":27}},"49":{"start":{"line":50,"column":0},"end":{"line":50,"column":21}},"50":{"start":{"line":51,"column":0},"end":{"line":51,"column":27}},"51":{"start":{"line":52,"column":0},"end":{"line":52,"column":62}},"53":{"start":{"line":54,"column":0},"end":{"line":54,"column":18}},"54":{"start":{"line":55,"column":0},"end":{"line":55,"column":13}},"55":{"start":{"line":56,"column":0},"end":{"line":56,"column":20}},"56":{"start":{"line":57,"column":0},"end":{"line":57,"column":16}},"57":{"start":{"line":58,"column":0},"end":{"line":58,"column":21}},"58":{"start":{"line":59,"column":0},"end":{"line":59,"column":25}},"59":{"start":{"line":60,"column":0},"end":{"line":60,"column":33}},"60":{"start":{"line":61,"column":0},"end":{"line":61,"column":74}},"62":{"start":{"line":63,"column":0},"end":{"line":63,"column":18}},"63":{"start":{"line":64,"column":0},"end":{"line":64,"column":16}},"64":{"start":{"line":65,"column":0},"end":{"line":65,"column":21}},"65":{"start":{"line":66,"column":0},"end":{"line":66,"column":24}},"66":{"start":{"line":67,"column":0},"end":{"line":67,"column":33}},"67":{"start":{"line":68,"column":0},"end":{"line":68,"column":72}},"69":{"start":{"line":70,"column":0},"end":{"line":70,"column":18}},"70":{"start":{"line":71,"column":0},"end":{"line":71,"column":16}},"71":{"start":{"line":72,"column":0},"end":{"line":72,"column":21}},"72":{"start":{"line":73,"column":0},"end":{"line":73,"column":24}},"73":{"start":{"line":74,"column":0},"end":{"line":74,"column":33}},"75":{"start":{"line":76,"column":0},"end":{"line":76,"column":18}},"76":{"start":{"line":77,"column":0},"end":{"line":77,"column":21}},"77":{"start":{"line":78,"column":0},"end":{"line":78,"column":28}},"79":{"start":{"line":80,"column":0},"end":{"line":80,"column":28}},"80":{"start":{"line":81,"column":0},"end":{"line":81,"column":29}},"81":{"start":{"line":82,"column":0},"end":{"line":82,"column":59}},"82":{"start":{"line":83,"column":0},"end":{"line":83,"column":15}},"83":{"start":{"line":84,"column":0},"end":{"line":84,"column":17}},"84":{"start":{"line":85,"column":0},"end":{"line":85,"column":29}},"86":{"start":{"line":87,"column":0},"end":{"line":87,"column":24}},"87":{"start":{"line":88,"column":0},"end":{"line":88,"column":56}},"88":{"start":{"line":89,"column":0},"end":{"line":89,"column":12}},"90":{"start":{"line":91,"column":0},"end":{"line":91,"column":42}},"91":{"start":{"line":92,"column":0},"end":{"line":92,"column":50}},"92":{"start":{"line":93,"column":0},"end":{"line":93,"column":12}},"93":{"start":{"line":94,"column":0},"end":{"line":94,"column":19}},"95":{"start":{"line":96,"column":0},"end":{"line":96,"column":2}},"97":{"start":{"line":98,"column":0},"end":{"line":98,"column":27}}},"s":{"0":1,"1":1,"2":1,"3":1,"4":1,"6":1,"8":1,"9":12,"10":12,"11":12,"12":12,"13":12,"15":12,"16":12,"17":12,"19":12,"20":12,"21":12,"22":72,"23":72,"24":72,"25":72,"26":12,"27":12,"28":12,"29":12,"31":12,"33":12,"34":12,"35":12,"36":12,"37":12,"39":12,"40":12,"41":12,"42":12,"43":12,"44":12,"46":12,"47":12,"48":12,"49":12,"50":12,"51":12,"53":12,"54":12,"55":12,"56":12,"57":12,"58":12,"59":12,"60":12,"62":12,"63":12,"64":12,"65":12,"66":12,"67":12,"69":12,"70":12,"71":12,"72":12,"73":12,"75":12,"76":12,"77":12,"79":12,"80":12,"81":12,"82":12,"83":12,"84":12,"86":12,"87":12,"88":12,"90":12,"91":12,"92":12,"93":12,"95":12,"97":1},"branchMap":{"0":{"type":"branch","line":9,"loc":{"start":{"line":9,"column":44},"end":{"line":96,"column":2}},"locations":[{"start":{"line":9,"column":44},"end":{"line":96,"column":2}}]},"1":{"type":"branch","line":17,"loc":{"start":{"line":17,"column":10},"end":{"line":17,"column":49}},"locations":[{"start":{"line":17,"column":10},"end":{"line":17,"column":49}}]},"2":{"type":"branch","line":17,"loc":{"start":{"line":17,"column":44},"end":{"line":17,"column":54}},"locations":[{"start":{"line":17,"column":44},"end":{"line":17,"column":54}}]},"3":{"type":"branch","line":22,"loc":{"start":{"line":22,"column":41},"end":{"line":27,"column":3}},"locations":[{"start":{"line":22,"column":41},"end":{"line":27,"column":3}}]}},"b":{"0":[12],"1":[7],"2":[5],"3":[72]},"fnMap":{"0":{"name":"Acquisition","decl":{"start":{"line":9,"column":44},"end":{"line":96,"column":2}},"loc":{"start":{"line":9,"column":44},"end":{"line":96,"column":2}},"line":9}},"f":{"0":12}}
,"C:\\Users\\KROTON\\Downloads\\projects\\mercadolibre\\mercadolibretest\\src\\pages\\components\\acquisition\\hooks\\use-count-down-time.ts": {"path":"C:\\Users\\KROTON\\Downloads\\projects\\mercadolibre\\mercadolibretest\\src\\pages\\components\\acquisition\\hooks\\use-count-down-time.ts","all":false,"statementMap":{"0":{"start":{"line":1,"column":0},"end":{"line":1,"column":44}},"2":{"start":{"line":3,"column":0},"end":{"line":3,"column":47}},"3":{"start":{"line":4,"column":0},"end":{"line":4,"column":57}},"5":{"start":{"line":6,"column":0},"end":{"line":6,"column":18}},"6":{"start":{"line":7,"column":0},"end":{"line":7,"column":31}},"8":{"start":{"line":9,"column":0},"end":{"line":9,"column":38}},"9":{"start":{"line":10,"column":0},"end":{"line":10,"column":38}},"10":{"start":{"line":11,"column":0},"end":{"line":11,"column":11}},"12":{"start":{"line":13,"column":0},"end":{"line":13,"column":39}},"13":{"start":{"line":14,"column":0},"end":{"line":14,"column":19}},"15":{"start":{"line":16,"column":0},"end":{"line":16,"column":44}},"16":{"start":{"line":17,"column":0},"end":{"line":17,"column":52}},"17":{"start":{"line":18,"column":0},"end":{"line":18,"column":31}},"19":{"start":{"line":20,"column":0},"end":{"line":20,"column":50}},"20":{"start":{"line":21,"column":0},"end":{"line":21,"column":13}},"21":{"start":{"line":22,"column":0},"end":{"line":22,"column":58}},"22":{"start":{"line":23,"column":0},"end":{"line":23,"column":2}},"24":{"start":{"line":25,"column":0},"end":{"line":25,"column":32}}},"s":{"0":1,"2":1,"3":6,"5":6,"6":5,"8":5,"9":0,"10":5,"12":5,"13":6,"15":6,"16":6,"17":6,"19":6,"20":6,"21":6,"22":6,"24":1},"branchMap":{"0":{"type":"branch","line":3,"loc":{"start":{"line":3,"column":25},"end":{"line":23,"column":2}},"locations":[{"start":{"line":3,"column":25},"end":{"line":23,"column":2}}]},"1":{"type":"branch","line":6,"loc":{"start":{"line":6,"column":11},"end":{"line":14,"column":4}},"locations":[{"start":{"line":6,"column":11},"end":{"line":14,"column":4}}]},"2":{"type":"branch","line":7,"loc":{"start":{"line":7,"column":24},"end":{"line":7,"column":31}},"locations":[{"start":{"line":7,"column":24},"end":{"line":7,"column":31}}]},"3":{"type":"branch","line":13,"loc":{"start":{"line":13,"column":9},"end":{"line":13,"column":39}},"locations":[{"start":{"line":13,"column":9},"end":{"line":13,"column":39}}]}},"b":{"0":[6],"1":[5],"2":[0],"3":[5]},"fnMap":{"0":{"name":"useCountDownTime","decl":{"start":{"line":3,"column":25},"end":{"line":23,"column":2}},"loc":{"start":{"line":3,"column":25},"end":{"line":23,"column":2}},"line":3}},"f":{"0":6}}
,"C:\\Users\\KROTON\\Downloads\\projects\\mercadolibre\\mercadolibretest\\src\\pages\\components\\breadcrumbs\\breadcrumbs.styled.ts": {"path":"C:\\Users\\KROTON\\Downloads\\projects\\mercadolibre\\mercadolibretest\\src\\pages\\components\\breadcrumbs\\breadcrumbs.styled.ts","all":false,"statementMap":{"1":{"start":{"line":2,"column":0},"end":{"line":2,"column":37}},"2":{"start":{"line":3,"column":0},"end":{"line":3,"column":40}},"3":{"start":{"line":4,"column":0},"end":{"line":4,"column":79}},"4":{"start":{"line":5,"column":0},"end":{"line":5,"column":54}},"6":{"start":{"line":7,"column":0},"end":{"line":7,"column":34}},"8":{"start":{"line":9,"column":0},"end":{"line":9,"column":27}},"11":{"start":{"line":12,"column":0},"end":{"line":12,"column":28}},"18":{"start":{"line":19,"column":0},"end":{"line":19,"column":28}},"24":{"start":{"line":25,"column":0},"end":{"line":25,"column":34}},"26":{"start":{"line":27,"column":0},"end":{"line":27,"column":65}},"29":{"start":{"line":30,"column":0},"end":{"line":30,"column":47}},"31":{"start":{"line":32,"column":0},"end":{"line":32,"column":63}},"34":{"start":{"line":35,"column":0},"end":{"line":35,"column":39}},"35":{"start":{"line":36,"column":0},"end":{"line":36,"column":67}},"36":{"start":{"line":37,"column":0},"end":{"line":37,"column":55}}},"s":{"1":1,"2":1,"3":1,"4":1,"6":1,"8":1,"11":1,"18":1,"24":1,"26":1,"29":1,"31":1,"34":1,"35":1,"36":1},"branchMap":{"0":{"type":"branch","line":27,"loc":{"start":{"line":27,"column":10},"end":{"line":27,"column":63}},"locations":[{"start":{"line":27,"column":10},"end":{"line":27,"column":63}}]},"1":{"type":"branch","line":32,"loc":{"start":{"line":32,"column":10},"end":{"line":32,"column":61}},"locations":[{"start":{"line":32,"column":10},"end":{"line":32,"column":61}}]},"2":{"type":"branch","line":36,"loc":{"start":{"line":36,"column":10},"end":{"line":37,"column":53}},"locations":[{"start":{"line":36,"column":10},"end":{"line":37,"column":53}}]},"3":{"type":"branch","line":37,"loc":{"start":{"line":37,"column":3},"end":{"line":37,"column":35}},"locations":[{"start":{"line":37,"column":3},"end":{"line":37,"column":35}}]}},"b":{"0":[9],"1":[9],"2":[7],"3":[0]},"fnMap":{},"f":{}}
,"C:\\Users\\KROTON\\Downloads\\projects\\mercadolibre\\mercadolibretest\\src\\pages\\components\\breadcrumbs\\breadcrumbs.view.tsx": {"path":"C:\\Users\\KROTON\\Downloads\\projects\\mercadolibre\\mercadolibretest\\src\\pages\\components\\breadcrumbs\\breadcrumbs.view.tsx","all":false,"statementMap":{"0":{"start":{"line":1,"column":0},"end":{"line":1,"column":26}},"1":{"start":{"line":2,"column":0},"end":{"line":2,"column":47}},"2":{"start":{"line":3,"column":0},"end":{"line":3,"column":42}},"3":{"start":{"line":4,"column":0},"end":{"line":4,"column":75}},"4":{"start":{"line":5,"column":0},"end":{"line":5,"column":54}},"16":{"start":{"line":17,"column":0},"end":{"line":17,"column":51}},"17":{"start":{"line":18,"column":0},"end":{"line":18,"column":7}},"18":{"start":{"line":19,"column":0},"end":{"line":19,"column":17}},"19":{"start":{"line":20,"column":0},"end":{"line":20,"column":7}},"20":{"start":{"line":21,"column":0},"end":{"line":21,"column":26}},"21":{"start":{"line":22,"column":0},"end":{"line":22,"column":38}},"22":{"start":{"line":23,"column":0},"end":{"line":23,"column":9}},"23":{"start":{"line":24,"column":0},"end":{"line":24,"column":44}},"24":{"start":{"line":25,"column":0},"end":{"line":25,"column":26}},"25":{"start":{"line":26,"column":0},"end":{"line":26,"column":75}},"26":{"start":{"line":27,"column":0},"end":{"line":27,"column":12}},"27":{"start":{"line":28,"column":0},"end":{"line":28,"column":16}},"28":{"start":{"line":29,"column":0},"end":{"line":29,"column":32}},"29":{"start":{"line":30,"column":0},"end":{"line":30,"column":15}},"30":{"start":{"line":31,"column":0},"end":{"line":31,"column":34}},"31":{"start":{"line":32,"column":0},"end":{"line":32,"column":48}},"32":{"start":{"line":33,"column":0},"end":{"line":33,"column":26}},"33":{"start":{"line":34,"column":0},"end":{"line":34,"column":30}},"34":{"start":{"line":35,"column":0},"end":{"line":35,"column":20}},"35":{"start":{"line":36,"column":0},"end":{"line":36,"column":66}},"36":{"start":{"line":37,"column":0},"end":{"line":37,"column":22}},"37":{"start":{"line":38,"column":0},"end":{"line":38,"column":24}},"39":{"start":{"line":40,"column":0},"end":{"line":40,"column":20}},"40":{"start":{"line":41,"column":0},"end":{"line":41,"column":53}},"41":{"start":{"line":42,"column":0},"end":{"line":42,"column":23}},"42":{"start":{"line":43,"column":0},"end":{"line":43,"column":24}},"45":{"start":{"line":46,"column":0},"end":{"line":46,"column":21}},"46":{"start":{"line":47,"column":0},"end":{"line":47,"column":37}},"47":{"start":{"line":48,"column":0},"end":{"line":48,"column":21}},"48":{"start":{"line":49,"column":0},"end":{"line":49,"column":38}},"50":{"start":{"line":51,"column":0},"end":{"line":51,"column":19}},"52":{"start":{"line":53,"column":0},"end":{"line":53,"column":30}},"53":{"start":{"line":54,"column":0},"end":{"line":54,"column":20}},"54":{"start":{"line":55,"column":0},"end":{"line":55,"column":52}},"55":{"start":{"line":56,"column":0},"end":{"line":56,"column":22}},"56":{"start":{"line":57,"column":0},"end":{"line":57,"column":23}},"58":{"start":{"line":59,"column":0},"end":{"line":59,"column":19}},"60":{"start":{"line":61,"column":0},"end":{"line":61,"column":8}},"61":{"start":{"line":62,"column":0},"end":{"line":62,"column":16}},"62":{"start":{"line":63,"column":0},"end":{"line":63,"column":9}},"63":{"start":{"line":64,"column":0},"end":{"line":64,"column":19}},"65":{"start":{"line":66,"column":0},"end":{"line":66,"column":2}},"67":{"start":{"line":68,"column":0},"end":{"line":68,"column":27}}},"s":{"0":1,"1":1,"2":1,"3":1,"4":1,"16":1,"17":7,"18":7,"19":7,"20":7,"21":7,"22":7,"23":7,"24":7,"25":7,"26":7,"27":7,"28":7,"29":7,"30":7,"31":20,"32":20,"33":14,"34":14,"35":9,"36":9,"37":9,"39":5,"40":5,"41":5,"42":5,"45":14,"46":9,"47":9,"48":9,"50":14,"52":6,"53":6,"54":2,"55":2,"56":2,"58":6,"60":7,"61":7,"62":7,"63":7,"65":7,"67":1},"branchMap":{"0":{"type":"branch","line":17,"loc":{"start":{"line":17,"column":49},"end":{"line":66,"column":2}},"locations":[{"start":{"line":17,"column":49},"end":{"line":66,"column":2}}]},"1":{"type":"branch","line":31,"loc":{"start":{"line":31,"column":16},"end":{"line":61,"column":6}},"locations":[{"start":{"line":31,"column":16},"end":{"line":61,"column":6}}]},"2":{"type":"branch","line":33,"loc":{"start":{"line":33,"column":14},"end":{"line":51,"column":19}},"locations":[{"start":{"line":33,"column":14},"end":{"line":51,"column":19}}]},"3":{"type":"branch","line":35,"loc":{"start":{"line":35,"column":10},"end":{"line":38,"column":24}},"locations":[{"start":{"line":35,"column":10},"end":{"line":38,"column":24}}]},"4":{"type":"branch","line":36,"loc":{"start":{"line":36,"column":33},"end":{"line":36,"column":43}},"locations":[{"start":{"line":36,"column":33},"end":{"line":36,"column":43}}]},"5":{"type":"branch","line":38,"loc":{"start":{"line":38,"column":9},"end":{"line":43,"column":24}},"locations":[{"start":{"line":38,"column":9},"end":{"line":43,"column":24}}]},"6":{"type":"branch","line":46,"loc":{"start":{"line":46,"column":10},"end":{"line":49,"column":38}},"locations":[{"start":{"line":46,"column":10},"end":{"line":49,"column":38}}]},"7":{"type":"branch","line":51,"loc":{"start":{"line":51,"column":7},"end":{"line":59,"column":19}},"locations":[{"start":{"line":51,"column":7},"end":{"line":59,"column":19}}]},"8":{"type":"branch","line":54,"loc":{"start":{"line":54,"column":9},"end":{"line":57,"column":23}},"locations":[{"start":{"line":54,"column":9},"end":{"line":57,"column":23}}]}},"b":{"0":[7],"1":[20],"2":[14],"3":[9],"4":[1],"5":[5],"6":[9],"7":[6],"8":[2]},"fnMap":{"0":{"name":"Breadcrumbs","decl":{"start":{"line":17,"column":49},"end":{"line":66,"column":2}},"loc":{"start":{"line":17,"column":49},"end":{"line":66,"column":2}},"line":17}},"f":{"0":7}}
,"C:\\Users\\KROTON\\Downloads\\projects\\mercadolibre\\mercadolibretest\\src\\pages\\components\\details\\details.styled.ts": {"path":"C:\\Users\\KROTON\\Downloads\\projects\\mercadolibre\\mercadolibretest\\src\\pages\\components\\details\\details.styled.ts","all":false,"statementMap":{"0":{"start":{"line":1,"column":0},"end":{"line":1,"column":37}},"1":{"start":{"line":2,"column":0},"end":{"line":2,"column":64}},"3":{"start":{"line":4,"column":0},"end":{"line":4,"column":34}},"9":{"start":{"line":10,"column":0},"end":{"line":10,"column":26}},"15":{"start":{"line":16,"column":0},"end":{"line":16,"column":44}}},"s":{"0":1,"1":1,"3":1,"9":1,"15":1},"branchMap":{},"b":{},"fnMap":{},"f":{}}
,"C:\\Users\\KROTON\\Downloads\\projects\\mercadolibre\\mercadolibretest\\src\\pages\\components\\details\\details.view.tsx": {"path":"C:\\Users\\KROTON\\Downloads\\projects\\mercadolibre\\mercadolibretest\\src\\pages\\components\\details\\details.view.tsx","all":false,"statementMap":{"0":{"start":{"line":1,"column":0},"end":{"line":1,"column":42}},"1":{"start":{"line":2,"column":0},"end":{"line":2,"column":75}},"3":{"start":{"line":4,"column":0},"end":{"line":4,"column":52}},"4":{"start":{"line":5,"column":0},"end":{"line":5,"column":43}},"5":{"start":{"line":6,"column":0},"end":{"line":6,"column":59}},"6":{"start":{"line":7,"column":0},"end":{"line":7,"column":33}},"7":{"start":{"line":8,"column":0},"end":{"line":8,"column":86}},"8":{"start":{"line":9,"column":0},"end":{"line":9,"column":58}},"9":{"start":{"line":10,"column":0},"end":{"line":10,"column":52}},"11":{"start":{"line":12,"column":0},"end":{"line":12,"column":37}},"12":{"start":{"line":13,"column":0},"end":{"line":13,"column":7}},"13":{"start":{"line":14,"column":0},"end":{"line":14,"column":7}},"14":{"start":{"line":15,"column":0},"end":{"line":15,"column":12}},"15":{"start":{"line":16,"column":0},"end":{"line":16,"column":9}},"16":{"start":{"line":17,"column":0},"end":{"line":17,"column":16}},"17":{"start":{"line":18,"column":0},"end":{"line":18,"column":7}},"18":{"start":{"line":19,"column":0},"end":{"line":19,"column":21}},"19":{"start":{"line":20,"column":0},"end":{"line":20,"column":8}},"20":{"start":{"line":21,"column":0},"end":{"line":21,"column":7}},"21":{"start":{"line":22,"column":0},"end":{"line":22,"column":26}},"22":{"start":{"line":23,"column":0},"end":{"line":23,"column":66}},"24":{"start":{"line":25,"column":0},"end":{"line":25,"column":23}},"25":{"start":{"line":26,"column":0},"end":{"line":26,"column":61}},"26":{"start":{"line":27,"column":0},"end":{"line":27,"column":13}},"28":{"start":{"line":29,"column":0},"end":{"line":29,"column":9}},"29":{"start":{"line":30,"column":0},"end":{"line":30,"column":18}},"30":{"start":{"line":31,"column":0},"end":{"line":31,"column":41}},"31":{"start":{"line":32,"column":0},"end":{"line":32,"column":11}},"32":{"start":{"line":33,"column":0},"end":{"line":33,"column":16}},"33":{"start":{"line":34,"column":0},"end":{"line":34,"column":47}},"34":{"start":{"line":35,"column":0},"end":{"line":35,"column":11}},"35":{"start":{"line":36,"column":0},"end":{"line":36,"column":16}},"36":{"start":{"line":37,"column":0},"end":{"line":37,"column":64}},"37":{"start":{"line":38,"column":0},"end":{"line":38,"column":61}},"39":{"start":{"line":40,"column":0},"end":{"line":40,"column":17}},"40":{"start":{"line":41,"column":0},"end":{"line":41,"column":12}},"42":{"start":{"line":43,"column":0},"end":{"line":43,"column":29}},"43":{"start":{"line":44,"column":0},"end":{"line":44,"column":64}},"44":{"start":{"line":45,"column":0},"end":{"line":45,"column":17}},"45":{"start":{"line":46,"column":0},"end":{"line":46,"column":59}},"46":{"start":{"line":47,"column":0},"end":{"line":47,"column":17}},"47":{"start":{"line":48,"column":0},"end":{"line":48,"column":17}},"48":{"start":{"line":49,"column":0},"end":{"line":49,"column":30}},"50":{"start":{"line":51,"column":0},"end":{"line":51,"column":74}},"52":{"start":{"line":53,"column":0},"end":{"line":53,"column":29}},"54":{"start":{"line":55,"column":0},"end":{"line":55,"column":23}},"55":{"start":{"line":56,"column":0},"end":{"line":56,"column":25}},"56":{"start":{"line":57,"column":0},"end":{"line":57,"column":29}},"57":{"start":{"line":58,"column":0},"end":{"line":58,"column":23}},"58":{"start":{"line":59,"column":0},"end":{"line":59,"column":5}},"59":{"start":{"line":60,"column":0},"end":{"line":60,"column":19}},"61":{"start":{"line":62,"column":0},"end":{"line":62,"column":2}},"63":{"start":{"line":64,"column":0},"end":{"line":64,"column":23}}},"s":{"0":1,"1":1,"3":1,"4":1,"5":1,"6":1,"7":1,"8":1,"9":1,"11":1,"12":6,"13":6,"14":6,"15":6,"16":6,"17":6,"18":6,"19":6,"20":6,"21":6,"22":6,"24":6,"25":6,"26":6,"28":6,"29":6,"30":6,"31":6,"32":6,"33":6,"34":6,"35":6,"36":6,"37":6,"39":6,"40":6,"42":6,"43":6,"44":6,"45":6,"46":6,"47":6,"48":6,"50":6,"52":6,"54":6,"55":6,"56":6,"57":6,"58":6,"59":6,"61":6,"63":1},"branchMap":{"0":{"type":"branch","line":12,"loc":{"start":{"line":12,"column":35},"end":{"line":62,"column":2}},"locations":[{"start":{"line":12,"column":35},"end":{"line":62,"column":2}}]},"1":{"type":"branch","line":26,"loc":{"start":{"line":26,"column":49},"end":{"line":26,"column":61}},"locations":[{"start":{"line":26,"column":49},"end":{"line":26,"column":61}}]},"2":{"type":"branch","line":37,"loc":{"start":{"line":37,"column":35},"end":{"line":37,"column":64}},"locations":[{"start":{"line":37,"column":35},"end":{"line":37,"column":64}}]}},"b":{"0":[6],"1":[0],"2":[1]},"fnMap":{"0":{"name":"Details","decl":{"start":{"line":12,"column":35},"end":{"line":62,"column":2}},"loc":{"start":{"line":12,"column":35},"end":{"line":62,"column":2}},"line":12},"1":{"name":"onClick","decl":{"start":{"line":37,"column":35},"end":{"line":37,"column":64}},"loc":{"start":{"line":37,"column":35},"end":{"line":37,"column":64}},"line":37}},"f":{"0":6,"1":1}}
,"C:\\Users\\KROTON\\Downloads\\projects\\mercadolibre\\mercadolibretest\\src\\pages\\components\\img-gallery\\img-gallery.styled.ts": {"path":"C:\\Users\\KROTON\\Downloads\\projects\\mercadolibre\\mercadolibretest\\src\\pages\\components\\img-gallery\\img-gallery.styled.ts","all":false,"statementMap":{"1":{"start":{"line":2,"column":0},"end":{"line":2,"column":37}},"3":{"start":{"line":4,"column":0},"end":{"line":4,"column":34}},"11":{"start":{"line":12,"column":0},"end":{"line":12,"column":34}},"12":{"start":{"line":13,"column":0},"end":{"line":13,"column":3}},"13":{"start":{"line":14,"column":0},"end":{"line":14,"column":8}},"14":{"start":{"line":15,"column":0},"end":{"line":15,"column":12}},"15":{"start":{"line":16,"column":0},"end":{"line":16,"column":8}},"16":{"start":{"line":17,"column":0},"end":{"line":17,"column":5}},"20":{"start":{"line":21,"column":0},"end":{"line":21,"column":8}},"22":{"start":{"line":23,"column":0},"end":{"line":23,"column":11}},"23":{"start":{"line":24,"column":0},"end":{"line":24,"column":41}},"24":{"start":{"line":25,"column":0},"end":{"line":25,"column":38}},"25":{"start":{"line":26,"column":0},"end":{"line":26,"column":3}},"27":{"start":{"line":28,"column":0},"end":{"line":28,"column":35}},"35":{"start":{"line":36,"column":0},"end":{"line":36,"column":2}}},"s":{"1":1,"3":1,"11":1,"12":1,"13":8,"14":8,"15":8,"16":8,"20":8,"22":8,"23":4,"24":4,"25":8,"27":8,"35":1},"branchMap":{"0":{"type":"branch","line":13,"loc":{"start":{"line":13,"column":1},"end":{"line":28,"column":35}},"locations":[{"start":{"line":13,"column":1},"end":{"line":28,"column":35}}]},"1":{"type":"branch","line":23,"loc":{"start":{"line":23,"column":2},"end":{"line":24,"column":41}},"locations":[{"start":{"line":23,"column":2},"end":{"line":24,"column":41}}]},"2":{"type":"branch","line":24,"loc":{"start":{"line":24,"column":39},"end":{"line":25,"column":38}},"locations":[{"start":{"line":24,"column":39},"end":{"line":25,"column":38}}]}},"b":{"0":[8],"1":[4],"2":[4]},"fnMap":{},"f":{}}
,"C:\\Users\\KROTON\\Downloads\\projects\\mercadolibre\\mercadolibretest\\src\\pages\\components\\img-gallery\\img-gallery.view.tsx": {"path":"C:\\Users\\KROTON\\Downloads\\projects\\mercadolibre\\mercadolibretest\\src\\pages\\components\\img-gallery\\img-gallery.view.tsx","all":false,"statementMap":{"0":{"start":{"line":1,"column":0},"end":{"line":1,"column":42}},"1":{"start":{"line":2,"column":0},"end":{"line":2,"column":47}},"2":{"start":{"line":3,"column":0},"end":{"line":3,"column":33}},"3":{"start":{"line":4,"column":0},"end":{"line":4,"column":63}},"6":{"start":{"line":7,"column":0},"end":{"line":7,"column":66}},"7":{"start":{"line":8,"column":0},"end":{"line":8,"column":65}},"8":{"start":{"line":9,"column":0},"end":{"line":9,"column":26}},"9":{"start":{"line":10,"column":0},"end":{"line":10,"column":9}},"10":{"start":{"line":11,"column":0},"end":{"line":11,"column":10}},"11":{"start":{"line":12,"column":0},"end":{"line":12,"column":28}},"12":{"start":{"line":13,"column":0},"end":{"line":13,"column":36}},"13":{"start":{"line":14,"column":0},"end":{"line":14,"column":17}},"14":{"start":{"line":15,"column":0},"end":{"line":15,"column":41}},"16":{"start":{"line":17,"column":0},"end":{"line":17,"column":19}},"17":{"start":{"line":18,"column":0},"end":{"line":18,"column":36}},"18":{"start":{"line":19,"column":0},"end":{"line":19,"column":13}},"19":{"start":{"line":20,"column":0},"end":{"line":20,"column":21}},"20":{"start":{"line":21,"column":0},"end":{"line":21,"column":16}},"21":{"start":{"line":22,"column":0},"end":{"line":22,"column":20}},"22":{"start":{"line":23,"column":0},"end":{"line":23,"column":23}},"23":{"start":{"line":24,"column":0},"end":{"line":24,"column":18}},"24":{"start":{"line":25,"column":0},"end":{"line":25,"column":41}},"25":{"start":{"line":26,"column":0},"end":{"line":26,"column":50}},"26":{"start":{"line":27,"column":0},"end":{"line":27,"column":8}},"28":{"start":{"line":29,"column":0},"end":{"line":29,"column":7}},"29":{"start":{"line":30,"column":0},"end":{"line":30,"column":20}},"30":{"start":{"line":31,"column":0},"end":{"line":31,"column":12}},"32":{"start":{"line":33,"column":0},"end":{"line":33,"column":2}},"34":{"start":{"line":35,"column":0},"end":{"line":35,"column":26}}},"s":{"0":1,"1":1,"2":1,"3":1,"6":1,"7":4,"8":4,"9":4,"10":4,"11":4,"12":4,"13":4,"14":4,"16":4,"17":4,"18":8,"19":8,"20":8,"21":8,"22":8,"23":8,"24":8,"25":8,"26":8,"28":4,"29":4,"30":4,"32":4,"34":1},"branchMap":{"0":{"type":"branch","line":7,"loc":{"start":{"line":7,"column":49},"end":{"line":33,"column":2}},"locations":[{"start":{"line":7,"column":49},"end":{"line":33,"column":2}}]},"1":{"type":"branch","line":18,"loc":{"start":{"line":18,"column":17},"end":{"line":29,"column":5}},"locations":[{"start":{"line":18,"column":17},"end":{"line":29,"column":5}}]},"2":{"type":"branch","line":26,"loc":{"start":{"line":26,"column":16},"end":{"line":26,"column":50}},"locations":[{"start":{"line":26,"column":16},"end":{"line":26,"column":50}}]}},"b":{"0":[4],"1":[8],"2":[1]},"fnMap":{"0":{"name":"ImgGallery","decl":{"start":{"line":7,"column":49},"end":{"line":33,"column":2}},"loc":{"start":{"line":7,"column":49},"end":{"line":33,"column":2}},"line":7},"1":{"name":"onClick","decl":{"start":{"line":26,"column":16},"end":{"line":26,"column":50}},"loc":{"start":{"line":26,"column":16},"end":{"line":26,"column":50}},"line":26}},"f":{"0":4,"1":1}}
,"C:\\Users\\KROTON\\Downloads\\projects\\mercadolibre\\mercadolibretest\\src\\pages\\components\\img-magnifier\\img-magnifier.styled.ts": {"path":"C:\\Users\\KROTON\\Downloads\\projects\\mercadolibre\\mercadolibretest\\src\\pages\\components\\img-magnifier\\img-magnifier.styled.ts","all":false,"statementMap":{"0":{"start":{"line":1,"column":0},"end":{"line":1,"column":37}},"1":{"start":{"line":2,"column":0},"end":{"line":2,"column":64}},"20":{"start":{"line":21,"column":0},"end":{"line":21,"column":34}},"26":{"start":{"line":27,"column":0},"end":{"line":27,"column":41}},"27":{"start":{"line":28,"column":0},"end":{"line":28,"column":3}},"28":{"start":{"line":29,"column":0},"end":{"line":29,"column":16}},"29":{"start":{"line":30,"column":0},"end":{"line":30,"column":16}},"30":{"start":{"line":31,"column":0},"end":{"line":31,"column":4}},"31":{"start":{"line":32,"column":0},"end":{"line":32,"column":4}},"32":{"start":{"line":33,"column":0},"end":{"line":33,"column":6}},"33":{"start":{"line":34,"column":0},"end":{"line":34,"column":11}},"34":{"start":{"line":35,"column":0},"end":{"line":35,"column":12}},"35":{"start":{"line":36,"column":0},"end":{"line":36,"column":7}},"36":{"start":{"line":37,"column":0},"end":{"line":37,"column":23}},"37":{"start":{"line":38,"column":0},"end":{"line":38,"column":46}},"41":{"start":{"line":42,"column":0},"end":{"line":42,"column":29}},"42":{"start":{"line":43,"column":0},"end":{"line":43,"column":28}},"43":{"start":{"line":44,"column":0},"end":{"line":44,"column":34}},"44":{"start":{"line":45,"column":0},"end":{"line":45,"column":35}},"48":{"start":{"line":49,"column":0},"end":{"line":49,"column":34}},"50":{"start":{"line":51,"column":0},"end":{"line":51,"column":68}},"51":{"start":{"line":52,"column":0},"end":{"line":52,"column":47}},"52":{"start":{"line":53,"column":0},"end":{"line":53,"column":3}},"53":{"start":{"line":54,"column":0},"end":{"line":54,"column":60}},"54":{"start":{"line":55,"column":0},"end":{"line":55,"column":60}},"56":{"start":{"line":57,"column":0},"end":{"line":57,"column":2}},"58":{"start":{"line":59,"column":0},"end":{"line":59,"column":53}},"59":{"start":{"line":60,"column":0},"end":{"line":60,"column":47}},"60":{"start":{"line":61,"column":0},"end":{"line":61,"column":50}},"67":{"start":{"line":68,"column":0},"end":{"line":68,"column":51}},"69":{"start":{"line":70,"column":0},"end":{"line":70,"column":26}}},"s":{"0":1,"1":1,"20":1,"26":1,"27":1,"28":12,"29":12,"30":12,"31":12,"32":12,"33":12,"34":12,"35":12,"36":12,"37":12,"41":12,"42":12,"43":12,"44":12,"48":12,"50":12,"51":12,"52":12,"53":12,"54":12,"56":1,"58":1,"59":1,"60":1,"67":1,"69":1},"branchMap":{"0":{"type":"branch","line":28,"loc":{"start":{"line":28,"column":1},"end":{"line":55,"column":60}},"locations":[{"start":{"line":28,"column":1},"end":{"line":55,"column":60}}]},"1":{"type":"branch","line":38,"loc":{"start":{"line":38,"column":12},"end":{"line":38,"column":38}},"locations":[{"start":{"line":38,"column":12},"end":{"line":38,"column":38}}]},"2":{"type":"branch","line":38,"loc":{"start":{"line":38,"column":28},"end":{"line":38,"column":44}},"locations":[{"start":{"line":38,"column":28},"end":{"line":38,"column":44}}]},"3":{"type":"branch","line":51,"loc":{"start":{"line":51,"column":33},"end":{"line":51,"column":64}},"locations":[{"start":{"line":51,"column":33},"end":{"line":51,"column":64}}]},"4":{"type":"branch","line":52,"loc":{"start":{"line":52,"column":15},"end":{"line":52,"column":47}},"locations":[{"start":{"line":52,"column":15},"end":{"line":52,"column":47}}]},"5":{"type":"branch","line":60,"loc":{"start":{"line":60,"column":3},"end":{"line":60,"column":46}},"locations":[{"start":{"line":60,"column":3},"end":{"line":60,"column":46}}]},"6":{"type":"branch","line":60,"loc":{"start":{"line":60,"column":28},"end":{"line":60,"column":43}},"locations":[{"start":{"line":60,"column":28},"end":{"line":60,"column":43}}]},"7":{"type":"branch","line":61,"loc":{"start":{"line":61,"column":3},"end":{"line":61,"column":49}},"locations":[{"start":{"line":61,"column":3},"end":{"line":61,"column":49}}]},"8":{"type":"branch","line":61,"loc":{"start":{"line":61,"column":30},"end":{"line":61,"column":46}},"locations":[{"start":{"line":61,"column":30},"end":{"line":61,"column":46}}]},"9":{"type":"branch","line":68,"loc":{"start":{"line":68,"column":3},"end":{"line":68,"column":50}},"locations":[{"start":{"line":68,"column":3},"end":{"line":68,"column":50}}]}},"b":{"0":[12],"1":[3],"2":[9],"3":[0],"4":[0],"5":[12],"6":[4],"7":[12],"8":[4],"9":[12]},"fnMap":{"0":{"name":"__vite_ssr_import_0__.default.div.height.height","decl":{"start":{"line":60,"column":3},"end":{"line":60,"column":46}},"loc":{"start":{"line":60,"column":3},"end":{"line":60,"column":46}},"line":60},"1":{"name":"__vite_ssr_import_0__.default.div.src.src","decl":{"start":{"line":61,"column":3},"end":{"line":61,"column":49}},"loc":{"start":{"line":61,"column":3},"end":{"line":61,"column":49}},"line":61}},"f":{"0":12,"1":12}}
,"C:\\Users\\KROTON\\Downloads\\projects\\mercadolibre\\mercadolibretest\\src\\pages\\components\\img-magnifier\\img-magnifier.view.tsx": {"path":"C:\\Users\\KROTON\\Downloads\\projects\\mercadolibre\\mercadolibretest\\src\\pages\\components\\img-magnifier\\img-magnifier.view.tsx","all":false,"statementMap":{"1":{"start":{"line":2,"column":0},"end":{"line":2,"column":49}},"2":{"start":{"line":3,"column":0},"end":{"line":3,"column":33}},"14":{"start":{"line":15,"column":0},"end":{"line":15,"column":48}},"15":{"start":{"line":16,"column":0},"end":{"line":16,"column":12}},"16":{"start":{"line":17,"column":0},"end":{"line":17,"column":9}},"17":{"start":{"line":18,"column":0},"end":{"line":18,"column":21}},"18":{"start":{"line":19,"column":0},"end":{"line":19,"column":5}},"19":{"start":{"line":20,"column":0},"end":{"line":20,"column":7}},"20":{"start":{"line":21,"column":0},"end":{"line":21,"column":42}},"21":{"start":{"line":22,"column":0},"end":{"line":22,"column":59}},"22":{"start":{"line":23,"column":0},"end":{"line":23,"column":59}},"24":{"start":{"line":25,"column":0},"end":{"line":25,"column":52}},"26":{"start":{"line":27,"column":0},"end":{"line":27,"column":67}},"27":{"start":{"line":28,"column":0},"end":{"line":28,"column":35}},"28":{"start":{"line":29,"column":0},"end":{"line":29,"column":53}},"30":{"start":{"line":31,"column":0},"end":{"line":31,"column":52}},"31":{"start":{"line":32,"column":0},"end":{"line":32,"column":51}},"32":{"start":{"line":33,"column":0},"end":{"line":33,"column":16}},"33":{"start":{"line":34,"column":0},"end":{"line":34,"column":3}},"35":{"start":{"line":36,"column":0},"end":{"line":36,"column":68}},"36":{"start":{"line":37,"column":0},"end":{"line":37,"column":35}},"38":{"start":{"line":39,"column":0},"end":{"line":39,"column":57}},"39":{"start":{"line":40,"column":0},"end":{"line":40,"column":27}},"40":{"start":{"line":41,"column":0},"end":{"line":41,"column":25}},"41":{"start":{"line":42,"column":0},"end":{"line":42,"column":3}},"43":{"start":{"line":44,"column":0},"end":{"line":44,"column":9}},"44":{"start":{"line":45,"column":0},"end":{"line":45,"column":18}},"45":{"start":{"line":46,"column":0},"end":{"line":46,"column":23}},"46":{"start":{"line":47,"column":0},"end":{"line":47,"column":14}},"47":{"start":{"line":48,"column":0},"end":{"line":48,"column":26}},"48":{"start":{"line":49,"column":0},"end":{"line":49,"column":28}},"49":{"start":{"line":50,"column":0},"end":{"line":50,"column":13}},"50":{"start":{"line":51,"column":0},"end":{"line":51,"column":31}},"51":{"start":{"line":52,"column":0},"end":{"line":52,"column":29}},"52":{"start":{"line":53,"column":0},"end":{"line":53,"column":31}},"53":{"start":{"line":54,"column":0},"end":{"line":54,"column":5}},"54":{"start":{"line":55,"column":0},"end":{"line":55,"column":25}},"55":{"start":{"line":56,"column":0},"end":{"line":56,"column":33}},"56":{"start":{"line":57,"column":0},"end":{"line":57,"column":33}},"57":{"start":{"line":58,"column":0},"end":{"line":58,"column":33}},"58":{"start":{"line":59,"column":0},"end":{"line":59,"column":9}},"59":{"start":{"line":60,"column":0},"end":{"line":60,"column":9}},"60":{"start":{"line":61,"column":0},"end":{"line":61,"column":13}},"61":{"start":{"line":62,"column":0},"end":{"line":62,"column":23}},"62":{"start":{"line":63,"column":0},"end":{"line":63,"column":25}},"63":{"start":{"line":64,"column":0},"end":{"line":64,"column":15}},"64":{"start":{"line":65,"column":0},"end":{"line":65,"column":5}},"65":{"start":{"line":66,"column":0},"end":{"line":66,"column":19}},"67":{"start":{"line":68,"column":0},"end":{"line":68,"column":2}},"69":{"start":{"line":70,"column":0},"end":{"line":70,"column":28}}},"s":{"1":1,"2":1,"14":1,"15":12,"16":12,"17":12,"18":12,"19":12,"20":12,"21":12,"22":12,"24":12,"26":12,"27":1,"28":1,"30":1,"31":1,"32":1,"33":1,"35":12,"36":2,"38":2,"39":2,"40":2,"41":2,"43":12,"44":12,"45":12,"46":12,"47":12,"48":12,"49":12,"50":12,"51":12,"52":12,"53":12,"54":12,"55":12,"56":12,"57":12,"58":12,"59":12,"60":12,"61":12,"62":12,"63":12,"64":12,"65":12,"67":12,"69":1},"branchMap":{"0":{"type":"branch","line":15,"loc":{"start":{"line":15,"column":46},"end":{"line":68,"column":2}},"locations":[{"start":{"line":15,"column":46},"end":{"line":68,"column":2}}]},"1":{"type":"branch","line":48,"loc":{"start":{"line":48,"column":11},"end":{"line":48,"column":26}},"locations":[{"start":{"line":48,"column":11},"end":{"line":48,"column":26}}]},"2":{"type":"branch","line":49,"loc":{"start":{"line":49,"column":12},"end":{"line":49,"column":28}},"locations":[{"start":{"line":49,"column":12},"end":{"line":49,"column":28}}]},"3":{"type":"branch","line":25,"loc":{"start":{"line":25,"column":22},"end":{"line":25,"column":52}},"locations":[{"start":{"line":25,"column":22},"end":{"line":25,"column":52}}]},"4":{"type":"branch","line":27,"loc":{"start":{"line":27,"column":21},"end":{"line":34,"column":3}},"locations":[{"start":{"line":27,"column":21},"end":{"line":34,"column":3}}]},"5":{"type":"branch","line":36,"loc":{"start":{"line":36,"column":22},"end":{"line":42,"column":3}},"locations":[{"start":{"line":36,"column":22},"end":{"line":42,"column":3}}]}},"b":{"0":[12],"1":[8],"2":[8],"3":[1],"4":[1],"5":[2]},"fnMap":{"0":{"name":"ImgMagnifier","decl":{"start":{"line":15,"column":46},"end":{"line":68,"column":2}},"loc":{"start":{"line":15,"column":46},"end":{"line":68,"column":2}},"line":15},"1":{"name":"onMouseLeave","decl":{"start":{"line":25,"column":22},"end":{"line":25,"column":52}},"loc":{"start":{"line":25,"column":22},"end":{"line":25,"column":52}},"line":25},"2":{"name":"onMouseMove","decl":{"start":{"line":27,"column":21},"end":{"line":34,"column":3}},"loc":{"start":{"line":27,"column":21},"end":{"line":34,"column":3}},"line":27},"3":{"name":"onMouseEnter","decl":{"start":{"line":36,"column":22},"end":{"line":42,"column":3}},"loc":{"start":{"line":36,"column":22},"end":{"line":42,"column":3}},"line":36}},"f":{"0":12,"1":1,"2":1,"3":2}}
,"C:\\Users\\KROTON\\Downloads\\projects\\mercadolibre\\mercadolibretest\\src\\pages\\components\\img-magnifier\\utils\\get-cursor-position.ts": {"path":"C:\\Users\\KROTON\\Downloads\\projects\\mercadolibre\\mercadolibretest\\src\\pages\\components\\img-magnifier\\utils\\get-cursor-position.ts","all":true,"statementMap":{"0":{"start":{"line":1,"column":0},"end":{"line":1,"column":27}},"1":{"start":{"line":2,"column":0},"end":{"line":2,"column":32}},"2":{"start":{"line":3,"column":0},"end":{"line":3,"column":37}},"3":{"start":{"line":4,"column":0},"end":{"line":4,"column":6}},"4":{"start":{"line":5,"column":0},"end":{"line":5,"column":56}},"5":{"start":{"line":6,"column":0},"end":{"line":6,"column":16}},"6":{"start":{"line":7,"column":0},"end":{"line":7,"column":16}},"8":{"start":{"line":9,"column":0},"end":{"line":9,"column":15}},"10":{"start":{"line":11,"column":0},"end":{"line":11,"column":55}},"11":{"start":{"line":12,"column":0},"end":{"line":12,"column":71}},"12":{"start":{"line":13,"column":0},"end":{"line":13,"column":70}},"13":{"start":{"line":14,"column":0},"end":{"line":14,"column":32}},"14":{"start":{"line":15,"column":0},"end":{"line":15,"column":60}},"15":{"start":{"line":16,"column":0},"end":{"line":16,"column":59}},"16":{"start":{"line":17,"column":0},"end":{"line":17,"column":3}},"17":{"start":{"line":18,"column":0},"end":{"line":18,"column":2}},"18":{"start":{"line":19,"column":0},"end":{"line":19,"column":33}},"19":{"start":{"line":20,"column":0},"end":{"line":20,"column":2}},"21":{"start":{"line":22,"column":0},"end":{"line":22,"column":33}}},"s":{"0":0,"1":0,"2":0,"3":0,"4":0,"5":0,"6":0,"8":0,"10":0,"11":0,"12":0,"13":0,"14":0,"15":0,"16":0,"17":0,"18":0,"19":0,"21":0},"branchMap":{"0":{"type":"branch","line":1,"loc":{"start":{"line":1,"column":748},"end":{"line":22,"column":33}},"locations":[{"start":{"line":1,"column":748},"end":{"line":22,"column":33}}]}},"b":{"0":[0]},"fnMap":{"0":{"name":"(empty-report)","decl":{"start":{"line":1,"column":748},"end":{"line":22,"column":33}},"loc":{"start":{"line":1,"column":748},"end":{"line":22,"column":33}},"line":1}},"f":{"0":0}}
,"C:\\Users\\KROTON\\Downloads\\projects\\mercadolibre\\mercadolibretest\\src\\pages\\components\\img-magnifier\\utils\\move-magnifier.ts": {"path":"C:\\Users\\KROTON\\Downloads\\projects\\mercadolibre\\mercadolibretest\\src\\pages\\components\\img-magnifier\\utils\\move-magnifier.ts","all":true,"statementMap":{"0":{"start":{"line":1,"column":0},"end":{"line":1,"column":23}},"1":{"start":{"line":2,"column":0},"end":{"line":2,"column":32}},"2":{"start":{"line":3,"column":0},"end":{"line":3,"column":30}},"3":{"start":{"line":4,"column":0},"end":{"line":4,"column":34}},"4":{"start":{"line":5,"column":0},"end":{"line":5,"column":13}},"5":{"start":{"line":6,"column":0},"end":{"line":6,"column":6}},"6":{"start":{"line":7,"column":0},"end":{"line":7,"column":24}},"7":{"start":{"line":8,"column":0},"end":{"line":8,"column":24}},"8":{"start":{"line":9,"column":0},"end":{"line":9,"column":43}},"9":{"start":{"line":10,"column":0},"end":{"line":10,"column":12}},"10":{"start":{"line":11,"column":0},"end":{"line":11,"column":9}},"12":{"start":{"line":13,"column":0},"end":{"line":13,"column":55}},"13":{"start":{"line":14,"column":0},"end":{"line":14,"column":44}},"14":{"start":{"line":15,"column":0},"end":{"line":15,"column":43}},"15":{"start":{"line":16,"column":0},"end":{"line":16,"column":34}},"16":{"start":{"line":17,"column":0},"end":{"line":17,"column":33}},"17":{"start":{"line":18,"column":0},"end":{"line":18,"column":32}},"18":{"start":{"line":19,"column":0},"end":{"line":19,"column":3}},"20":{"start":{"line":21,"column":0},"end":{"line":21,"column":43}},"21":{"start":{"line":22,"column":0},"end":{"line":22,"column":44}},"23":{"start":{"line":24,"column":0},"end":{"line":24,"column":31}},"24":{"start":{"line":25,"column":0},"end":{"line":25,"column":38}},"25":{"start":{"line":26,"column":0},"end":{"line":26,"column":39}},"27":{"start":{"line":28,"column":0},"end":{"line":28,"column":38}},"28":{"start":{"line":29,"column":0},"end":{"line":29,"column":37}},"29":{"start":{"line":30,"column":0},"end":{"line":30,"column":67}},"30":{"start":{"line":31,"column":0},"end":{"line":31,"column":20}},"31":{"start":{"line":32,"column":0},"end":{"line":32,"column":7}},"32":{"start":{"line":33,"column":0},"end":{"line":33,"column":2}},"33":{"start":{"line":34,"column":0},"end":{"line":34,"column":2}},"35":{"start":{"line":36,"column":0},"end":{"line":36,"column":29}}},"s":{"0":0,"1":0,"2":0,"3":0,"4":0,"5":0,"6":0,"7":0,"8":0,"9":0,"10":0,"12":0,"13":0,"14":0,"15":0,"16":0,"17":0,"18":0,"20":0,"21":0,"23":0,"24":0,"25":0,"27":0,"28":0,"29":0,"30":0,"31":0,"32":0,"33":0,"35":0},"branchMap":{"0":{"type":"branch","line":1,"loc":{"start":{"line":1,"column":961},"end":{"line":36,"column":29}},"locations":[{"start":{"line":1,"column":961},"end":{"line":36,"column":29}}]}},"b":{"0":[0]},"fnMap":{"0":{"name":"(empty-report)","decl":{"start":{"line":1,"column":961},"end":{"line":36,"column":29}},"loc":{"start":{"line":1,"column":961},"end":{"line":36,"column":29}},"line":1}},"f":{"0":0}}
,"C:\\Users\\KROTON\\Downloads\\projects\\mercadolibre\\mercadolibretest\\src\\pages\\components\\key-features\\key-features.styled.ts": {"path":"C:\\Users\\KROTON\\Downloads\\projects\\mercadolibre\\mercadolibretest\\src\\pages\\components\\key-features\\key-features.styled.ts","all":false,"statementMap":{"0":{"start":{"line":1,"column":0},"end":{"line":1,"column":37}},"2":{"start":{"line":3,"column":0},"end":{"line":3,"column":28}},"9":{"start":{"line":10,"column":0},"end":{"line":10,"column":30}}},"s":{"0":1,"2":1,"9":1},"branchMap":{},"b":{},"fnMap":{},"f":{}}
,"C:\\Users\\KROTON\\Downloads\\projects\\mercadolibre\\mercadolibretest\\src\\pages\\components\\key-features\\key-features.view.tsx": {"path":"C:\\Users\\KROTON\\Downloads\\projects\\mercadolibre\\mercadolibretest\\src\\pages\\components\\key-features\\key-features.view.tsx","all":false,"statementMap":{"0":{"start":{"line":1,"column":0},"end":{"line":1,"column":56}},"2":{"start":{"line":3,"column":0},"end":{"line":3,"column":48}},"4":{"start":{"line":5,"column":0},"end":{"line":5,"column":64}},"5":{"start":{"line":6,"column":0},"end":{"line":6,"column":13}},"6":{"start":{"line":7,"column":0},"end":{"line":7,"column":7}},"7":{"start":{"line":8,"column":0},"end":{"line":8,"column":9}},"8":{"start":{"line":9,"column":0},"end":{"line":9,"column":10}},"9":{"start":{"line":10,"column":0},"end":{"line":10,"column":29}},"10":{"start":{"line":11,"column":0},"end":{"line":11,"column":49}},"11":{"start":{"line":12,"column":0},"end":{"line":12,"column":63}},"13":{"start":{"line":14,"column":0},"end":{"line":14,"column":16}},"14":{"start":{"line":15,"column":0},"end":{"line":15,"column":14}},"15":{"start":{"line":16,"column":0},"end":{"line":16,"column":37}},"16":{"start":{"line":17,"column":0},"end":{"line":17,"column":13}},"17":{"start":{"line":18,"column":0},"end":{"line":18,"column":17}},"18":{"start":{"line":19,"column":0},"end":{"line":19,"column":54}},"19":{"start":{"line":20,"column":0},"end":{"line":20,"column":18}},"21":{"start":{"line":22,"column":0},"end":{"line":22,"column":7}},"22":{"start":{"line":23,"column":0},"end":{"line":23,"column":15}},"23":{"start":{"line":24,"column":0},"end":{"line":24,"column":12}},"25":{"start":{"line":26,"column":0},"end":{"line":26,"column":2}},"27":{"start":{"line":28,"column":0},"end":{"line":28,"column":27}}},"s":{"0":1,"2":1,"4":1,"5":3,"6":3,"7":3,"8":3,"9":3,"10":3,"11":3,"13":3,"14":3,"15":3,"16":9,"17":9,"18":9,"19":9,"21":3,"22":3,"23":3,"25":3,"27":1},"branchMap":{"0":{"type":"branch","line":5,"loc":{"start":{"line":5,"column":62},"end":{"line":26,"column":2}},"locations":[{"start":{"line":5,"column":62},"end":{"line":26,"column":2}}]},"1":{"type":"branch","line":16,"loc":{"start":{"line":16,"column":22},"end":{"line":22,"column":5}},"locations":[{"start":{"line":16,"column":22},"end":{"line":22,"column":5}}]}},"b":{"0":[3],"1":[9]},"fnMap":{"0":{"name":"KeyFeatures","decl":{"start":{"line":5,"column":62},"end":{"line":26,"column":2}},"loc":{"start":{"line":5,"column":62},"end":{"line":26,"column":2}},"line":5}},"f":{"0":3}}
,"C:\\Users\\KROTON\\Downloads\\projects\\mercadolibre\\mercadolibretest\\src\\pages\\components\\payment-methods-modal\\payment-methods-modal.styled.ts": {"path":"C:\\Users\\KROTON\\Downloads\\projects\\mercadolibre\\mercadolibretest\\src\\pages\\components\\payment-methods-modal\\payment-methods-modal.styled.ts","all":false,"statementMap":{"0":{"start":{"line":1,"column":0},"end":{"line":1,"column":37}},"2":{"start":{"line":3,"column":0},"end":{"line":3,"column":31}},"7":{"start":{"line":8,"column":0},"end":{"line":8,"column":34}},"12":{"start":{"line":13,"column":0},"end":{"line":13,"column":34}},"18":{"start":{"line":19,"column":0},"end":{"line":19,"column":42}},"22":{"start":{"line":23,"column":0},"end":{"line":23,"column":49}},"27":{"start":{"line":28,"column":0},"end":{"line":28,"column":50}}},"s":{"0":1,"2":1,"7":1,"12":1,"18":1,"22":1,"27":1},"branchMap":{},"b":{},"fnMap":{},"f":{}}
,"C:\\Users\\KROTON\\Downloads\\projects\\mercadolibre\\mercadolibretest\\src\\pages\\components\\payment-methods-modal\\payment-methods-modal.view.tsx": {"path":"C:\\Users\\KROTON\\Downloads\\projects\\mercadolibre\\mercadolibretest\\src\\pages\\components\\payment-methods-modal\\payment-methods-modal.view.tsx","all":false,"statementMap":{"0":{"start":{"line":1,"column":0},"end":{"line":1,"column":42}},"2":{"start":{"line":3,"column":0},"end":{"line":3,"column":68}},"3":{"start":{"line":4,"column":0},"end":{"line":4,"column":73}},"4":{"start":{"line":5,"column":0},"end":{"line":5,"column":57}},"11":{"start":{"line":12,"column":0},"end":{"line":12,"column":61}},"12":{"start":{"line":13,"column":0},"end":{"line":13,"column":8}},"13":{"start":{"line":14,"column":0},"end":{"line":14,"column":7}},"14":{"start":{"line":15,"column":0},"end":{"line":15,"column":8}},"15":{"start":{"line":16,"column":0},"end":{"line":16,"column":8}},"16":{"start":{"line":17,"column":0},"end":{"line":17,"column":9}},"17":{"start":{"line":18,"column":0},"end":{"line":18,"column":7}},"18":{"start":{"line":19,"column":0},"end":{"line":19,"column":26}},"20":{"start":{"line":21,"column":0},"end":{"line":21,"column":9}},"21":{"start":{"line":22,"column":0},"end":{"line":22,"column":8}},"22":{"start":{"line":23,"column":0},"end":{"line":23,"column":30}},"23":{"start":{"line":24,"column":0},"end":{"line":24,"column":18}},"24":{"start":{"line":25,"column":0},"end":{"line":25,"column":34}},"25":{"start":{"line":26,"column":0},"end":{"line":26,"column":19}},"26":{"start":{"line":27,"column":0},"end":{"line":27,"column":27}},"27":{"start":{"line":28,"column":0},"end":{"line":28,"column":44}},"28":{"start":{"line":29,"column":0},"end":{"line":29,"column":44}},"30":{"start":{"line":31,"column":0},"end":{"line":31,"column":19}},"31":{"start":{"line":32,"column":0},"end":{"line":32,"column":61}},"33":{"start":{"line":34,"column":0},"end":{"line":34,"column":19}},"35":{"start":{"line":36,"column":0},"end":{"line":36,"column":28}},"36":{"start":{"line":37,"column":0},"end":{"line":37,"column":62}},"37":{"start":{"line":38,"column":0},"end":{"line":38,"column":16}},"38":{"start":{"line":39,"column":0},"end":{"line":39,"column":35}},"39":{"start":{"line":40,"column":0},"end":{"line":40,"column":14}},"40":{"start":{"line":41,"column":0},"end":{"line":41,"column":28}},"41":{"start":{"line":42,"column":0},"end":{"line":42,"column":46}},"42":{"start":{"line":43,"column":0},"end":{"line":43,"column":21}},"43":{"start":{"line":44,"column":0},"end":{"line":44,"column":69}},"44":{"start":{"line":45,"column":0},"end":{"line":45,"column":12}},"45":{"start":{"line":46,"column":0},"end":{"line":46,"column":70}},"46":{"start":{"line":47,"column":0},"end":{"line":47,"column":36}},"48":{"start":{"line":49,"column":0},"end":{"line":49,"column":10}},"49":{"start":{"line":50,"column":0},"end":{"line":50,"column":29}},"50":{"start":{"line":51,"column":0},"end":{"line":51,"column":12}},"53":{"start":{"line":54,"column":0},"end":{"line":54,"column":26}},"54":{"start":{"line":55,"column":0},"end":{"line":55,"column":44}},"55":{"start":{"line":56,"column":0},"end":{"line":56,"column":44}},"57":{"start":{"line":58,"column":0},"end":{"line":58,"column":19}},"58":{"start":{"line":59,"column":0},"end":{"line":59,"column":61}},"60":{"start":{"line":61,"column":0},"end":{"line":61,"column":19}},"62":{"start":{"line":63,"column":0},"end":{"line":63,"column":28}},"63":{"start":{"line":64,"column":0},"end":{"line":64,"column":47}},"64":{"start":{"line":65,"column":0},"end":{"line":65,"column":16}},"65":{"start":{"line":66,"column":0},"end":{"line":66,"column":35}},"66":{"start":{"line":67,"column":0},"end":{"line":67,"column":14}},"67":{"start":{"line":68,"column":0},"end":{"line":68,"column":28}},"68":{"start":{"line":69,"column":0},"end":{"line":69,"column":45}},"69":{"start":{"line":70,"column":0},"end":{"line":70,"column":21}},"70":{"start":{"line":71,"column":0},"end":{"line":71,"column":68}},"71":{"start":{"line":72,"column":0},"end":{"line":72,"column":12}},"72":{"start":{"line":73,"column":0},"end":{"line":73,"column":58}},"73":{"start":{"line":74,"column":0},"end":{"line":74,"column":36}},"75":{"start":{"line":76,"column":0},"end":{"line":76,"column":10}},"76":{"start":{"line":77,"column":0},"end":{"line":77,"column":29}},"77":{"start":{"line":78,"column":0},"end":{"line":78,"column":12}},"80":{"start":{"line":81,"column":0},"end":{"line":81,"column":27}},"81":{"start":{"line":82,"column":0},"end":{"line":82,"column":44}},"82":{"start":{"line":83,"column":0},"end":{"line":83,"column":64}},"84":{"start":{"line":85,"column":0},"end":{"line":85,"column":19}},"86":{"start":{"line":87,"column":0},"end":{"line":87,"column":60}},"87":{"start":{"line":88,"column":0},"end":{"line":88,"column":50}},"88":{"start":{"line":89,"column":0},"end":{"line":89,"column":15}},"89":{"start":{"line":90,"column":0},"end":{"line":90,"column":10}},"90":{"start":{"line":91,"column":0},"end":{"line":91,"column":25}},"91":{"start":{"line":92,"column":0},"end":{"line":92,"column":69}},"92":{"start":{"line":93,"column":0},"end":{"line":93,"column":18}},"93":{"start":{"line":94,"column":0},"end":{"line":94,"column":23}},"94":{"start":{"line":95,"column":0},"end":{"line":95,"column":57}},"95":{"start":{"line":96,"column":0},"end":{"line":96,"column":17}},"96":{"start":{"line":97,"column":0},"end":{"line":97,"column":23}},"97":{"start":{"line":98,"column":0},"end":{"line":98,"column":14}},"98":{"start":{"line":99,"column":0},"end":{"line":99,"column":22}},"99":{"start":{"line":100,"column":0},"end":{"line":100,"column":28}},"100":{"start":{"line":101,"column":0},"end":{"line":101,"column":45}},"101":{"start":{"line":102,"column":0},"end":{"line":102,"column":21}},"102":{"start":{"line":103,"column":0},"end":{"line":103,"column":68}},"103":{"start":{"line":104,"column":0},"end":{"line":104,"column":12}},"104":{"start":{"line":105,"column":0},"end":{"line":105,"column":26}},"105":{"start":{"line":106,"column":0},"end":{"line":106,"column":22}},"106":{"start":{"line":107,"column":0},"end":{"line":107,"column":20}},"107":{"start":{"line":108,"column":0},"end":{"line":108,"column":37}},"108":{"start":{"line":109,"column":0},"end":{"line":109,"column":27}},"109":{"start":{"line":110,"column":0},"end":{"line":110,"column":26}},"110":{"start":{"line":111,"column":0},"end":{"line":111,"column":12}},"112":{"start":{"line":113,"column":0},"end":{"line":113,"column":11}},"114":{"start":{"line":115,"column":0},"end":{"line":115,"column":9}},"115":{"start":{"line":116,"column":0},"end":{"li
[...]
,"C:\\Users\\KROTON\\Downloads\\projects\\mercadolibre\\mercadolibretest\\src\\shared\\components\\typography\\types.ts": {"path":"C:\\Users\\KROTON\\Downloads\\projects\\mercadolibre\\mercadolibretest\\src\\shared\\components\\typography\\types.ts","all":true,"statementMap":{},"s":{},"branchMap":{"0":{"type":"branch","line":1,"loc":{"start":{"line":1,"column":198},"end":{"line":8,"column":1}},"locations":[{"start":{"line":1,"column":198},"end":{"line":8,"column":1}}]}},"b":{"0":[1]},"fnMap":{"0":{"name":"(empty-report)","decl":{"start":{"line":1,"column":198},"end":{"line":8,"column":1}},"loc":{"start":{"line":1,"column":198},"end":{"line":8,"column":1}},"line":1}},"f":{"0":1}}
,"C:\\Users\\KROTON\\Downloads\\projects\\mercadolibre\\mercadolibretest\\src\\shared\\components\\typography\\typography.styled.ts": {"path":"C:\\Users\\KROTON\\Downloads\\projects\\mercadolibre\\mercadolibretest\\src\\shared\\components\\typography\\typography.styled.ts","all":false,"statementMap":{"0":{"start":{"line":1,"column":0},"end":{"line":1,"column":37}},"2":{"start":{"line":3,"column":0},"end":{"line":3,"column":44}},"4":{"start":{"line":5,"column":0},"end":{"line":5,"column":66}},"5":{"start":{"line":6,"column":0},"end":{"line":6,"column":44}},"6":{"start":{"line":7,"column":0},"end":{"line":7,"column":39}},"7":{"start":{"line":8,"column":0},"end":{"line":8,"column":26}},"8":{"start":{"line":9,"column":0},"end":{"line":9,"column":64}},"10":{"start":{"line":11,"column":0},"end":{"line":11,"column":2}}},"s":{"0":1,"2":1,"4":1,"5":1,"6":337,"7":337,"8":337,"10":1},"branchMap":{"0":{"type":"branch","line":6,"loc":{"start":{"line":6,"column":1},"end":{"line":9,"column":64}},"locations":[{"start":{"line":6,"column":1},"end":{"line":9,"column":64}}]},"1":{"type":"branch","line":7,"loc":{"start":{"line":7,"column":10},"end":{"line":7,"column":37}},"locations":[{"start":{"line":7,"column":10},"end":{"line":7,"column":37}}]},"2":{"type":"branch","line":8,"loc":{"start":{"line":8,"column":11},"end":{"line":8,"column":24}},"locations":[{"start":{"line":8,"column":11},"end":{"line":8,"column":24}}]},"3":{"type":"branch","line":9,"loc":{"start":{"line":9,"column":3},"end":{"line":9,"column":60}},"locations":[{"start":{"line":9,"column":3},"end":{"line":9,"column":60}}]},"4":{"type":"branch","line":9,"loc":{"start":{"line":9,"column":38},"end":{"line":9,"column":54}},"locations":[{"start":{"line":9,"column":38},"end":{"line":9,"column":54}}]},"5":{"type":"branch","line":9,"loc":{"start":{"line":9,"column":55},"end":{"line":9,"column":62}},"locations":[{"start":{"line":9,"column":55},"end":{"line":9,"column":62}}]}},"b":{"0":[337],"1":[89],"2":[213],"3":[225],"4":[0],"5":[112]},"fnMap":{},"f":{}}
,"C:\\Users\\KROTON\\Downloads\\projects\\mercadolibre\\mercadolibretest\\src\\shared\\components\\typography\\typography.view.tsx": {"path":"C:\\Users\\KROTON\\Downloads\\projects\\mercadolibre\\mercadolibretest\\src\\shared\\components\\typography\\typography.view.tsx","all":false,"statementMap":{"0":{"start":{"line":1,"column":0},"end":{"line":1,"column":26}},"2":{"start":{"line":3,"column":0},"end":{"line":3,"column":46}},"4":{"start":{"line":5,"column":0},"end":{"line":5,"column":49}},"5":{"start":{"line":6,"column":0},"end":{"line":6,"column":13}},"6":{"start":{"line":7,"column":0},"end":{"line":7,"column":10}},"7":{"start":{"line":8,"column":0},"end":{"line":8,"column":8}},"8":{"start":{"line":9,"column":0},"end":{"line":9,"column":7}},"9":{"start":{"line":10,"column":0},"end":{"line":10,"column":9}},"10":{"start":{"line":11,"column":0},"end":{"line":11,"column":49}},"11":{"start":{"line":12,"column":0},"end":{"line":12,"column":13}},"12":{"start":{"line":13,"column":0},"end":{"line":13,"column":32}},"14":{"start":{"line":15,"column":0},"end":{"line":15,"column":2}},"16":{"start":{"line":17,"column":0},"end":{"line":17,"column":26}}},"s":{"0":1,"2":1,"4":1,"5":337,"6":337,"7":337,"8":337,"9":337,"10":337,"11":337,"12":337,"14":337,"16":1},"branchMap":{"0":{"type":"branch","line":5,"loc":{"start":{"line":5,"column":47},"end":{"line":15,"column":2}},"locations":[{"start":{"line":5,"column":47},"end":{"line":15,"column":2}}]}},"b":{"0":[337]},"fnMap":{"0":{"name":"Typography","decl":{"start":{"line":5,"column":47},"end":{"line":15,"column":2}},"loc":{"start":{"line":5,"column":47},"end":{"line":15,"column":2}},"line":5}},"f":{"0":337}}
,"C:\\Users\\KROTON\\Downloads\\projects\\mercadolibre\\mercadolibretest\\src\\shared\\hooks\\index.ts": {"path":"C:\\Users\\KROTON\\Downloads\\projects\\mercadolibre\\mercadolibretest\\src\\shared\\hooks\\index.ts","all":false,"statementMap":{"0":{"start":{"line":1,"column":0},"end":{"line":1,"column":60}}},"s":{"0":1},"branchMap":{},"b":{},"fnMap":{},"f":{}}
,"C:\\Users\\KROTON\\Downloads\\projects\\mercadolibre\\mercadolibretest\\src\\shared\\hooks\\use-breakpoint.ts": {"path":"C:\\Users\\KROTON\\Downloads\\projects\\mercadolibre\\mercadolibretest\\src\\shared\\hooks\\use-breakpoint.ts","all":false,"statementMap":{"0":{"start":{"line":1,"column":0},"end":{"line":1,"column":44}},"2":{"start":{"line":3,"column":0},"end":{"line":3,"column":43}},"3":{"start":{"line":4,"column":0},"end":{"line":4,"column":41}},"5":{"start":{"line":6,"column":0},"end":{"line":6,"column":29}},"6":{"start":{"line":7,"column":0},"end":{"line":7,"column":39}},"8":{"start":{"line":9,"column":0},"end":{"line":9,"column":52}},"9":{"start":{"line":10,"column":0},"end":{"line":10,"column":19}},"10":{"start":{"line":11,"column":0},"end":{"line":11,"column":12}},"11":{"start":{"line":12,"column":0},"end":{"line":12,"column":48}},"12":{"start":{"line":13,"column":0},"end":{"line":13,"column":45}},"13":{"start":{"line":14,"column":0},"end":{"line":14,"column":4}},"14":{"start":{"line":15,"column":0},"end":{"line":15,"column":18}},"15":{"start":{"line":16,"column":0},"end":{"line":16,"column":9}},"16":{"start":{"line":17,"column":0},"end":{"line":17,"column":18}},"17":{"start":{"line":18,"column":0},"end":{"line":18,"column":2}},"18":{"start":{"line":19,"column":0},"end":{"line":19,"column":2}},"26":{"start":{"line":27,"column":0},"end":{"line":27,"column":47}},"27":{"start":{"line":28,"column":0},"end":{"line":28,"column":63}},"29":{"start":{"line":30,"column":0},"end":{"line":30,"column":18}},"30":{"start":{"line":31,"column":0},"end":{"line":31,"column":30}},"31":{"start":{"line":32,"column":0},"end":{"line":32,"column":34}},"32":{"start":{"line":33,"column":0},"end":{"line":33,"column":4}},"34":{"start":{"line":35,"column":0},"end":{"line":35,"column":50}},"36":{"start":{"line":37,"column":0},"end":{"line":37,"column":16}},"37":{"start":{"line":38,"column":0},"end":{"line":38,"column":54}},"38":{"start":{"line":39,"column":0},"end":{"line":39,"column":4}},"39":{"start":{"line":40,"column":0},"end":{"line":40,"column":8}},"41":{"start":{"line":42,"column":0},"end":{"line":42,"column":9}},"42":{"start":{"line":43,"column":0},"end":{"line":43,"column":38}},"43":{"start":{"line":44,"column":0},"end":{"line":44,"column":36}},"44":{"start":{"line":45,"column":0},"end":{"line":45,"column":36}},"45":{"start":{"line":46,"column":0},"end":{"line":46,"column":3}},"46":{"start":{"line":47,"column":0},"end":{"line":47,"column":2}},"48":{"start":{"line":49,"column":0},"end":{"line":49,"column":29}}},"s":{"0":1,"2":1,"3":1,"5":1,"6":0,"8":0,"9":0,"10":0,"11":0,"12":0,"13":0,"14":0,"15":0,"16":0,"17":0,"18":0,"26":1,"27":0,"29":0,"30":0,"31":0,"32":0,"34":0,"36":0,"37":0,"38":0,"39":0,"41":0,"42":0,"43":0,"44":0,"45":0,"46":0,"48":1},"branchMap":{},"b":{},"fnMap":{"0":{"name":"getResolution","decl":{"start":{"line":6,"column":22},"end":{"line":19,"column":2}},"loc":{"start":{"line":6,"column":22},"end":{"line":19,"column":2}},"line":6},"1":{"name":"useBreakpoint","decl":{"start":{"line":27,"column":22},"end":{"line":47,"column":2}},"loc":{"start":{"line":27,"column":22},"end":{"line":47,"column":2}},"line":27}},"f":{"0":0,"1":0}}
,"C:\\Users\\KROTON\\Downloads\\projects\\mercadolibre\\mercadolibretest\\src\\shared\\theme\\media-sizes.ts": {"path":"C:\\Users\\KROTON\\Downloads\\projects\\mercadolibre\\mercadolibretest\\src\\shared\\theme\\media-sizes.ts","all":false,"statementMap":{"0":{"start":{"line":1,"column":0},"end":{"line":1,"column":51}},"1":{"start":{"line":2,"column":0},"end":{"line":2,"column":46}},"2":{"start":{"line":3,"column":0},"end":{"line":3,"column":47}},"3":{"start":{"line":4,"column":0},"end":{"line":4,"column":53}}},"s":{"0":1,"1":1,"2":1,"3":1},"branchMap":{},"b":{},"fnMap":{},"f":{}}
,"C:\\Users\\KROTON\\Downloads\\projects\\mercadolibre\\mercadolibretest\\src\\shared\\theme\\palettes.ts": {"path":"C:\\Users\\KROTON\\Downloads\\projects\\mercadolibre\\mercadolibretest\\src\\shared\\theme\\palettes.ts","all":false,"statementMap":{"0":{"start":{"line":1,"column":0},"end":{"line":1,"column":36}},"1":{"start":{"line":2,"column":0},"end":{"line":2,"column":11}},"2":{"start":{"line":3,"column":0},"end":{"line":3,"column":17}},"3":{"start":{"line":4,"column":0},"end":{"line":4,"column":17}},"4":{"start":{"line":5,"column":0},"end":{"line":5,"column":17}},"5":{"start":{"line":6,"column":0},"end":{"line":6,"column":3}},"6":{"start":{"line":7,"column":0},"end":{"line":7,"column":13}},"7":{"start":{"line":8,"column":0},"end":{"line":8,"column":17}},"8":{"start":{"line":9,"column":0},"end":{"line":9,"column":17}},"9":{"start":{"line":10,"column":0},"end":{"line":10,"column":17}},"10":{"start":{"line":11,"column":0},"end":{"line":11,"column":3}},"11":{"start":{"line":12,"column":0},"end":{"line":12,"column":11}},"12":{"start":{"line":13,"column":0},"end":{"line":13,"column":17}},"13":{"start":{"line":14,"column":0},"end":{"line":14,"column":17}},"14":{"start":{"line":15,"column":0},"end":{"line":15,"column":17}},"15":{"start":{"line":16,"column":0},"end":{"line":16,"column":17}},"16":{"start":{"line":17,"column":0},"end":{"line":17,"column":17}},"17":{"start":{"line":18,"column":0},"end":{"line":18,"column":3}},"18":{"start":{"line":19,"column":0},"end":{"line":19,"column":11}},"19":{"start":{"line":20,"column":0},"end":{"line":20,"column":17}},"20":{"start":{"line":21,"column":0},"end":{"line":21,"column":3}},"21":{"start":{"line":22,"column":0},"end":{"line":22,"column":2}}},"s":{"0":1,"1":1,"2":1,"3":1,"4":1,"5":1,"6":1,"7":1,"8":1,"9":1,"10":1,"11":1,"12":1,"13":1,"14":1,"15":1,"16":1,"17":1,"18":1,"19":1,"20":1,"21":1},"branchMap":{},"b":{},"fnMap":{},"f":{}}
,"C:\\Users\\KROTON\\Downloads\\projects\\mercadolibre\\mercadolibretest\\src\\shared\\utils\\format-compact-value.ts": {"path":"C:\\Users\\KROTON\\Downloads\\projects\\mercadolibre\\mercadolibretest\\src\\shared\\utils\\format-compact-value.ts","all":false,"statementMap":{"0":{"start":{"line":1,"column":0},"end":{"line":1,"column":55}},"1":{"start":{"line":2,"column":0},"end":{"line":2,"column":68}},"2":{"start":{"line":3,"column":0},"end":{"line":3,"column":32}},"3":{"start":{"line":4,"column":0},"end":{"line":4,"column":2}},"5":{"start":{"line":6,"column":0},"end":{"line":6,"column":34}}},"s":{"0":1,"1":33,"2":33,"3":33,"5":1},"branchMap":{"0":{"type":"branch","line":1,"loc":{"start":{"line":1,"column":27},"end":{"line":4,"column":2}},"locations":[{"start":{"line":1,"column":27},"end":{"line":4,"column":2}}]}},"b":{"0":[33]},"fnMap":{"0":{"name":"formatCompactValue","decl":{"start":{"line":1,"column":27},"end":{"line":4,"column":2}},"loc":{"start":{"line":1,"column":27},"end":{"line":4,"column":2}},"line":1}},"f":{"0":33}}
,"C:\\Users\\KROTON\\Downloads\\projects\\mercadolibre\\mercadolibretest\\src\\shared\\utils\\index.ts": {"path":"C:\\Users\\KROTON\\Downloads\\projects\\mercadolibre\\mercadolibretest\\src\\shared\\utils\\index.ts","all":false,"statementMap":{"0":{"start":{"line":1,"column":0},"end":{"line":1,"column":49}},"1":{"start":{"line":2,"column":0},"end":{"line":2,"column":47}},"2":{"start":{"line":3,"column":0},"end":{"line":3,"column":47}},"3":{"start":{"line":4,"column":0},"end":{"line":4,"column":71}},"4":{"start":{"line":5,"column":0},"end":{"line":5,"column":52}}},"s":{"0":1,"1":1,"2":1,"3":1,"4":1},"branchMap":{},"b":{},"fnMap":{},"f":{}}
,"C:\\Users\\KROTON\\Downloads\\projects\\mercadolibre\\mercadolibretest\\src\\shared\\utils\\px-to-rem.ts": {"path":"C:\\Users\\KROTON\\Downloads\\projects\\mercadolibre\\mercadolibretest\\src\\shared\\utils\\px-to-rem.ts","all":false,"statementMap":{"0":{"start":{"line":1,"column":0},"end":{"line":1,"column":60}},"1":{"start":{"line":2,"column":0},"end":{"line":2,"column":26}},"2":{"start":{"line":3,"column":0},"end":{"line":3,"column":2}},"4":{"start":{"line":5,"column":0},"end":{"line":5,"column":23}}},"s":{"0":1,"1":253,"2":253,"4":1},"branchMap":{"0":{"type":"branch","line":1,"loc":{"start":{"line":1,"column":16},"end":{"line":3,"column":2}},"locations":[{"start":{"line":1,"column":16},"end":{"line":3,"column":2}}]}},"b":{"0":[253]},"fnMap":{"0":{"name":"pxToRem","decl":{"start":{"line":1,"column":16},"end":{"line":3,"column":2}},"loc":{"start":{"line":1,"column":16},"end":{"line":3,"column":2}},"line":1}},"f":{"0":253}}
,"C:\\Users\\KROTON\\Downloads\\projects\\mercadolibre\\mercadolibretest\\src\\shared\\utils\\px-to-vh.ts": {"path":"C:\\Users\\KROTON\\Downloads\\projects\\mercadolibre\\mercadolibretest\\src\\shared\\utils\\px-to-vh.ts","all":false,"statementMap":{"0":{"start":{"line":1,"column":0},"end":{"line":1,"column":40}},"1":{"start":{"line":2,"column":0},"end":{"line":2,"column":60}},"2":{"start":{"line":3,"column":0},"end":{"line":3,"column":38}},"3":{"start":{"line":4,"column":0},"end":{"line":4,"column":29}},"4":{"start":{"line":5,"column":0},"end":{"line":5,"column":2}},"6":{"start":{"line":7,"column":0},"end":{"line":7,"column":22}}},"s":{"0":1,"1":0,"2":0,"3":0,"4":0,"6":1},"branchMap":{},"b":{},"fnMap":{"0":{"name":"pxToVh","decl":{"start":{"line":1,"column":15},"end":{"line":5,"column":2}},"loc":{"start":{"line":1,"column":15},"end":{"line":5,"column":2}},"line":1}},"f":{"0":0}}
,"C:\\Users\\KROTON\\Downloads\\projects\\mercadolibre\\mercadolibretest\\src\\shared\\utils\\px-to-vw.ts": {"path":"C:\\Users\\KROTON\\Downloads\\projects\\mercadolibre\\mercadolibretest\\src\\shared\\utils\\px-to-vw.ts","all":false,"statementMap":{"0":{"start":{"line":1,"column":0},"end":{"line":1,"column":40}},"1":{"start":{"line":2,"column":0},"end":{"line":2,"column":75}},"2":{"start":{"line":3,"column":0},"end":{"line":3,"column":37}},"3":{"start":{"line":4,"column":0},"end":{"line":4,"column":29}},"4":{"start":{"line":5,"column":0},"end":{"line":5,"column":2}},"6":{"start":{"line":7,"column":0},"end":{"line":7,"column":22}}},"s":{"0":1,"1":0,"2":0,"3":0,"4":0,"6":1},"branchMap":{},"b":{},"fnMap":{"0":{"name":"pxToVw","decl":{"start":{"line":1,"column":15},"end":{"line":5,"column":2}},"loc":{"start":{"line":1,"column":15},"end":{"line":5,"column":2}},"line":1}},"f":{"0":0}}
,"C:\\Users\\KROTON\\Downloads\\projects\\mercadolibre\\mercadolibretest\\src\\shared\\utils\\trap-focus.ts": {"path":"C:\\Users\\KROTON\\Downloads\\projects\\mercadolibre\\mercadolibretest\\src\\shared\\utils\\trap-focus.ts","all":false,"statementMap":{"0":{"start":{"line":1,"column":0},"end":{"line":1,"column":74}},"1":{"start":{"line":2,"column":0},"end":{"line":2,"column":26}},"2":{"start":{"line":3,"column":0},"end":{"line":3,"column":77}},"4":{"start":{"line":5,"column":0},"end":{"line":5,"column":23}},"5":{"start":{"line":6,"column":0},"end":{"line":6,"column":67}},"7":{"start":{"line":8,"column":0},"end":{"line":8,"column":13}},"9":{"start":{"line":10,"column":0},"end":{"line":10,"column":63}},"10":{"start":{"line":11,"column":0},"end":{"line":11,"column":46}},"12":{"start":{"line":13,"column":0},"end":{"line":13,"column":24}},"13":{"start":{"line":14,"column":0},"end":{"line":14,"column":22}},"14":{"start":{"line":15,"column":0},"end":{"line":15,"column":33}},"15":{"start":{"line":16,"column":0},"end":{"line":16,"column":49}},"16":{"start":{"line":17,"column":0},"end":{"line":17,"column":2}},"18":{"start":{"line":19,"column":0},"end":{"line":19,"column":65}},"20":{"start":{"line":21,"column":0},"end":{"line":21,"column":21}},"21":{"start":{"line":22,"column":0},"end":{"line":22,"column":9}},"22":{"start":{"line":23,"column":0},"end":{"line":23,"column":2}},"24":{"start":{"line":25,"column":0},"end":{"line":25,"column":16}},"25":{"start":{"line":26,"column":0},"end":{"line":26,"column":6}},"26":{"start":{"line":27,"column":0},"end":{"line":27,"column":11}},"27":{"start":{"line":28,"column":0},"end":{"line":28,"column":20}},"28":{"start":{"line":29,"column":0},"end":{"line":29,"column":26}},"29":{"start":{"line":30,"column":0},"end":{"line":30,"column":24}},"30":{"start":{"line":31,"column":0},"end":{"line":31,"column":5}},"32":{"start":{"line":33,"column":0},"end":{"line":33,"column":58}},"34":{"start":{"line":35,"column":0},"end":{"line":35,"column":51}},"35":{"start":{"line":36,"column":0},"end":{"line":36,"column":27}},"36":{"start":{"line":37,"column":0},"end":{"line":37,"column":4}},"37":{"start":{"line":38,"column":0},"end":{"line":38,"column":10}},"39":{"start":{"line":40,"column":0},"end":{"line":40,"column":57}},"42":{"start":{"line":43,"column":0},"end":{"line":43,"column":52}},"43":{"start":{"line":44,"column":0},"end":{"line":44,"column":27}},"44":{"start":{"line":45,"column":0},"end":{"line":45,"column":4}},"45":{"start":{"line":46,"column":0},"end":{"line":46,"column":3}},"46":{"start":{"line":47,"column":0},"end":{"line":47,"column":2}},"47":{"start":{"line":48,"column":0},"end":{"line":48,"column":2}},"49":{"start":{"line":50,"column":0},"end":{"line":50,"column":25}}},"s":{"0":1,"1":1,"2":1,"4":1,"5":1,"7":1,"9":1,"10":1,"12":1,"13":1,"14":1,"15":1,"16":1,"18":1,"20":1,"21":1,"22":1,"24":0,"25":0,"26":0,"27":0,"28":0,"29":0,"30":0,"32":0,"34":0,"35":0,"36":0,"37":0,"39":0,"42":0,"43":0,"44":0,"45":0,"46":0,"47":1,"49":1},"branchMap":{"0":{"type":"branch","line":1,"loc":{"start":{"line":1,"column":18},"end":{"line":48,"column":2}},"locations":[{"start":{"line":1,"column":18},"end":{"line":48,"column":2}}]},"1":{"type":"branch","line":23,"loc":{"start":{"line":23,"column":1},"end":{"line":47,"column":2}},"locations":[{"start":{"line":23,"column":1},"end":{"line":47,"column":2}}]}},"b":{"0":[1],"1":[0]},"fnMap":{"0":{"name":"trapFocus","decl":{"start":{"line":1,"column":18},"end":{"line":48,"column":2}},"loc":{"start":{"line":1,"column":18},"end":{"line":48,"column":2}},"line":1}},"f":{"0":1}}
,"C:\\Users\\KROTON\\Downloads\\projects\\mercadolibre\\mercadolibretest\\src\\tests\\render-with-providers.tsx": {"path":"C:\\Users\\KROTON\\Downloads\\projects\\mercadolibre\\mercadolibretest\\src\\tests\\render-with-providers.tsx","all":false,"statementMap":{"0":{"start":{"line":1,"column":0},"end":{"line":1,"column":48}},"1":{"start":{"line":2,"column":0},"end":{"line":2,"column":47}},"2":{"start":{"line":3,"column":0},"end":{"line":3,"column":63}},"3":{"start":{"line":4,"column":0},"end":{"line":4,"column":48}},"5":{"start":{"line":6,"column":0},"end":{"line":6,"column":60}},"6":{"start":{"line":7,"column":0},"end":{"line":7,"column":15}},"7":{"start":{"line":8,"column":0},"end":{"line":8,"column":16}},"8":{"start":{"line":9,"column":0},"end":{"line":9,"column":72}},"9":{"start":{"line":10,"column":0},"end":{"line":10,"column":17}},"10":{"start":{"line":11,"column":0},"end":{"line":11,"column":3}},"11":{"start":{"line":12,"column":0},"end":{"line":12,"column":2}},"13":{"start":{"line":14,"column":0},"end":{"line":14,"column":35}}},"s":{"0":1,"1":1,"2":1,"3":1,"5":1,"6":64,"7":64,"8":64,"9":64,"10":64,"11":64,"13":1},"branchMap":{"0":{"type":"branch","line":6,"loc":{"start":{"line":6,"column":28},"end":{"line":12,"column":2}},"locations":[{"start":{"line":6,"column":28},"end":{"line":12,"column":2}}]}},"b":{"0":[64]},"fnMap":{"0":{"name":"renderWithProviders","decl":{"start":{"line":6,"column":28},"end":{"line":12,"column":2}},"loc":{"start":{"line":6,"column":28},"end":{"line":12,"column":2}},"line":6}},"f":{"0":64}}
}
